[0.010s] Invoking command in '/home/fuzzrobo/uraki_ws/build/gng_planner': CMAKE_PREFIX_PATH=/opt/ros/humble /usr/bin/cmake --build /home/fuzzrobo/uraki_ws/build/gng_planner -- -j16 -l16
[0.059s] [  9%] Built target common_lib
[0.079s] [ 15%] Built target hardware_lib
[0.079s] [ 21%] Built target kinematics_lib
[0.098s] [ 28%] Built target gng_lib
[0.098s] [ 34%] Built target spatial_lib
[0.102s] [ 56%] Built target collision_lib
[0.112s] [35m[1mConsolidate compiler generated dependencies of target simulation_lib[0m
[0.117s] [ 71%] Built target control_lib
[0.117s] [ 71%] Built target status_lib
[0.133s] [ 75%] [32mBuilding CXX object src/simulation/CMakeFiles/simulation_lib.dir/robot/geometry_management.cpp.o[0m
[1.658s] [ 78%] [32m[1mLinking CXX static library libsimulation_lib.a[0m
[1.689s] [ 93%] Built target simulation_lib
[1.709s] [ 96%] [32mBuilding CXX object CMakeFiles/offline_urdf_trainer.dir/src/offline_urdf_trainer.cpp.o[0m
[7.441s] [100%] [32m[1mLinking CXX executable offline_urdf_trainer[0m
[7.509s] /usr/bin/ld: src/collision/libcollision_lib.a(fcl_collision_detector.cpp.o): warning: relocation against `_ZTVN3fcl31DynamicAABBTreeCollisionManagerIdEE' in read-only section `.text._ZN3fcl31DynamicAABBTreeCollisionManagerIdED0Ev[_ZN3fcl31DynamicAABBTreeCollisionManagerIdED5Ev]'
[7.515s] /usr/bin/ld: CMakeFiles/offline_urdf_trainer.dir/src/offline_urdf_trainer.cpp.o: in function `main':
[7.515s] offline_urdf_trainer.cpp:(.text.startup+0x1ec3): undefined reference to `fcl::CollisionObject<double>::collisionGeometry() const'
[7.515s] /usr/bin/ld: offline_urdf_trainer.cpp:(.text.startup+0x1ed1): undefined reference to `fcl::CollisionObject<double>::collisionGeometry() const'
[7.515s] /usr/bin/ld: offline_urdf_trainer.cpp:(.text.startup+0x1ee9): undefined reference to `typeinfo for fcl::CollisionGeometry<double>'
[7.515s] /usr/bin/ld: offline_urdf_trainer.cpp:(.text.startup+0x23e1): undefined reference to `fcl::CollisionObject<double>::getTransform() const'
[7.516s] /usr/bin/ld: offline_urdf_trainer.cpp:(.text.startup+0x3a9a): undefined reference to `fcl::Triangle::operator[](int) const'
[7.516s] /usr/bin/ld: offline_urdf_trainer.cpp:(.text.startup+0x3ac8): undefined reference to `fcl::Triangle::operator[](int) const'
[7.516s] /usr/bin/ld: offline_urdf_trainer.cpp:(.text.startup+0x3af5): undefined reference to `fcl::Triangle::operator[](int) const'
[7.516s] /usr/bin/ld: CMakeFiles/offline_urdf_trainer.dir/src/offline_urdf_trainer.cpp.o:(.data.rel.ro._ZTIN3fcl8BVHModelINS_6OBBRSSIdEEEE[_ZTIN3fcl8BVHModelINS_6OBBRSSIdEEEE]+0x10): undefined reference to `typeinfo for fcl::CollisionGeometry<double>'
[7.516s] /usr/bin/ld: src/collision/libcollision_lib.a(geometric_self_collision_checker.cpp.o): in function `simulation::GeometricSelfCollisionChecker::GeometricSelfCollisionChecker(simulation::RobotModel const&, kinematics::KinematicChain const&)':
[7.516s] geometric_self_collision_checker.cpp:(.text+0x54b1): undefined reference to `simulation::StlLoader::loadBinaryStl(std::__cxx11::basic_string<char, std::char_traits<char>, std::allocator<char> > const&, Eigen::Matrix<double, 3, 1, 0, 3, 1> const&)'
[7.516s] /usr/bin/ld: src/collision/libcollision_lib.a(fcl_collision_detector.cpp.o): in function `fcl::BVHModel<fcl::OBBRSS<double> >::recursiveBuildTree(int, int, int) [clone .isra.0]':
[7.516s] fcl_collision_detector.cpp:(.text+0x28e): undefined reference to `fcl::OBB<double>::OBB()'
[7.516s] /usr/bin/ld: fcl_collision_detector.cpp:(.text+0x296): undefined reference to `fcl::RSS<double>::RSS()'
[7.516s] /usr/bin/ld: fcl_collision_detector.cpp:(.text+0x2b9): undefined reference to `void fcl::getCovariance<double>(Eigen::Matrix<double, 3, 1, 0, 3, 1> const*, Eigen::Matrix<double, 3, 1, 0, 3, 1> const*, fcl::Triangle*, unsigned int*, int, Eigen::Matrix<double, 3, 3, 0, 3, 3>&)'
[7.516s] /usr/bin/ld: fcl_collision_detector.cpp:(.text+0x2dd): undefined reference to `void fcl::eigen_old<double>(Eigen::Matrix<double, 3, 3, 0, 3, 3> const&, Eigen::Matrix<double, 3, 1, 0, 3, 1>&, Eigen::Matrix<double, 3, 3, 0, 3, 3>&)'
[7.516s] /usr/bin/ld: fcl_collision_detector.cpp:(.text+0x2ef): undefined reference to `void fcl::axisFromEigen<double>(Eigen::Matrix<double, 3, 3, 0, 3, 3> const&, Eigen::Matrix<double, 3, 1, 0, 3, 1> const&, Eigen::Matrix<double, 3, 3, 0, 3, 3>&)'
[7.516s] /usr/bin/ld: fcl_collision_detector.cpp:(.text+0x373): undefined reference to `void fcl::getExtentAndCenter<double>(Eigen::Matrix<double, 3, 1, 0, 3, 1> const*, Eigen::Matrix<double, 3, 1, 0, 3, 1> const*, fcl::Triangle*, unsigned int*, int, Eigen::Matrix<double, 3, 3, 0, 3, 3> const&, Eigen::Matrix<double, 3, 1, 0, 3, 1>&, Eigen::Matrix<double, 3, 1, 0, 3, 1>&)'
[7.516s] /usr/bin/ld: fcl_collision_detector.cpp:(.text+0x3ab): undefined reference to `void fcl::getRadiusAndOriginAndRectangleSize<double>(Eigen::Matrix<double, 3, 1, 0, 3, 1> const*, Eigen::Matrix<double, 3, 1, 0, 3, 1> const*, fcl::Triangle*, unsigned int*, int, Eigen::Matrix<double, 3, 3, 0, 3, 3> const&, Eigen::Matrix<double, 3, 1, 0, 3, 1>&, double*, double&)'
[7.516s] /usr/bin/ld: fcl_collision_detector.cpp:(.text+0x585): undefined reference to `fcl::Triangle::operator[](int) const'
[7.516s] /usr/bin/ld: fcl_collision_detector.cpp:(.text+0x59e): undefined reference to `fcl::Triangle::operator[](int) const'
[7.516s] /usr/bin/ld: fcl_collision_detector.cpp:(.text+0x5bc): undefined reference to `fcl::Triangle::operator[](int) const'
[7.516s] /usr/bin/ld: fcl_collision_detector.cpp:(.text+0x702): undefined reference to `fcl::BVNodeBase::leftChild() const'
[7.516s] /usr/bin/ld: fcl_collision_detector.cpp:(.text+0x72a): undefined reference to `fcl::BVNodeBase::rightChild() const'
[7.516s] /usr/bin/ld: src/collision/libcollision_lib.a(fcl_collision_detector.cpp.o): in function `fcl::BVHModel<fcl::OBBRSS<double> >::beginModel(int, int) [clone .isra.0]':
[7.516s] fcl_collision_detector.cpp:(.text+0x96c): undefined reference to `fcl::Triangle::Triangle()'
[7.516s] /usr/bin/ld: src/collision/libcollision_lib.a(fcl_collision_detector.cpp.o): in function `fcl::BVHModel<fcl::OBBRSS<double> >::addSubModel(std::vector<Eigen::Matrix<double, 3, 1, 0, 3, 1>, std::allocator<Eigen::Matrix<double, 3, 1, 0, 3, 1> > > const&, std::vector<fcl::Triangle, std::allocator<fcl::Triangle> > const&) [clone .isra.0]':
[7.516s] fcl_collision_detector.cpp:(.text+0xc0c): undefined reference to `fcl::Triangle::Triangle()'
[7.516s] /usr/bin/ld: fcl_collision_detector.cpp:(.text+0xcb9): undefined reference to `fcl::Triangle::operator[](int) const'
[7.516s] /usr/bin/ld: fcl_collision_detector.cpp:(.text+0xccf): undefined reference to `fcl::Triangle::operator[](int) const'
[7.516s] /usr/bin/ld: fcl_collision_detector.cpp:(.text+0xcdd): undefined reference to `fcl::Triangle::operator[](int) const'
[7.517s] /usr/bin/ld: fcl_collision_detector.cpp:(.text+0xcf1): undefined reference to `fcl::Triangle::set(unsigned long, unsigned long, unsigned long)'
[7.517s] /usr/bin/ld: src/collision/libcollision_lib.a(fcl_collision_detector.cpp.o): in function `fcl::BVHModel<fcl::OBBRSS<double> >::endModel() [clone .isra.0]':
[7.517s] fcl_collision_detector.cpp:(.text+0xe44): undefined reference to `fcl::Triangle::Triangle()'
[7.517s] /usr/bin/ld: fcl_collision_detector.cpp:(.text+0xfa5): undefined reference to `fcl::OBB<double>::OBB()'
[7.517s] /usr/bin/ld: fcl_collision_detector.cpp:(.text+0xfad): undefined reference to `fcl::RSS<double>::RSS()'
[7.517s] /usr/bin/ld: src/collision/libcollision_lib.a(fcl_collision_detector.cpp.o): in function `collision::FCLCollisionDetector::clearObstacles()':
[7.517s] fcl_collision_detector.cpp:(.text+0x1334): undefined reference to `fcl::DynamicAABBTreeCollisionManager<double>::clear()'
[7.517s] /usr/bin/ld: fcl_collision_detector.cpp:(.text+0x1341): undefined reference to `fcl::DynamicAABBTreeCollisionManager<double>::clear()'
[7.517s] /usr/bin/ld: src/collision/libcollision_lib.a(fcl_collision_detector.cpp.o): in function `collision::FCLCollisionDetector::updateRobotLinkPose(int, Eigen::Matrix<double, 3, 1, 0, 3, 1> const&, Eigen::Matrix<double, 3, 3, 0, 3, 3> const&)':
[7.517s] fcl_collision_detector.cpp:(.text+0x15c3): undefined reference to `fcl::CollisionObject<double>::setTransform(Eigen::Transform<double, 3, 1, 0> const&)'
[7.517s] /usr/bin/ld: fcl_collision_detector.cpp:(.text+0x15d0): undefined reference to `fcl::CollisionObject<double>::computeAABB()'
[7.517s] /usr/bin/ld: fcl_collision_detector.cpp:(.text+0x15e1): undefined reference to `fcl::DynamicAABBTreeCollisionManager<double>::update(fcl::CollisionObject<double>*)'
[7.517s] /usr/bin/ld: src/collision/libcollision_lib.a(fcl_collision_detector.cpp.o): in function `collision::FCLCollisionDetector::updateRobotLinkPose(int, Eigen::Transform<double, 3, 1, 0> const&)':
[7.517s] fcl_collision_detector.cpp:(.text+0x16f8): undefined reference to `fcl::CollisionObject<double>::setTransform(Eigen::Transform<double, 3, 1, 0> const&)'
[7.517s] /usr/bin/ld: fcl_collision_detector.cpp:(.text+0x1705): undefined reference to `fcl::CollisionObject<double>::computeAABB()'
[7.517s] /usr/bin/ld: fcl_collision_detector.cpp:(.text+0x1716): undefined reference to `fcl::DynamicAABBTreeCollisionManager<double>::update(fcl::CollisionObject<double>*)'
[7.517s] /usr/bin/ld: src/collision/libcollision_lib.a(fcl_collision_detector.cpp.o): in function `collision::FCLSelfCollisionCallback(fcl::CollisionObject<double>*, fcl::CollisionObject<double>*, void*)':
[7.517s] fcl_collision_detector.cpp:(.text+0x179a): undefined reference to `fcl::CollisionObject<double>::getUserData() const'
[7.517s] /usr/bin/ld: fcl_collision_detector.cpp:(.text+0x17a5): undefined reference to `fcl::CollisionObject<double>::getUserData() const'
[7.517s] /usr/bin/ld: fcl_collision_detector.cpp:(.text+0x17b0): undefined reference to `fcl::CollisionObject<double>::getAABB() const'
[7.517s] /usr/bin/ld: fcl_collision_detector.cpp:(.text+0x17bd): undefined reference to `fcl::CollisionObject<double>::getAABB() const'
[7.517s] /usr/bin/ld: fcl_collision_detector.cpp:(.text+0x17ca): undefined reference to `fcl::AABB<double>::distance(fcl::AABB<double> const&) const'
[7.517s] /usr/bin/ld: fcl_collision_detector.cpp:(.text+0x1864): undefined reference to `fcl::CollisionRequest<double>::CollisionRequest(unsigned long, bool, unsigned long, bool, bool, fcl::GJKSolverType, double)'
[7.517s] /usr/bin/ld: fcl_collision_detector.cpp:(.text+0x1873): undefined reference to `fcl::CollisionResult<double>::CollisionResult()'
[7.517s] /usr/bin/ld: fcl_collision_detector.cpp:(.text+0x1884): undefined reference to `unsigned long fcl::collide<double>(fcl::CollisionObject<double> const*, fcl::CollisionObject<double> const*, fcl::CollisionRequest<double> const&, fcl::CollisionResult<double>&)'
[7.517s] /usr/bin/ld: fcl_collision_detector.cpp:(.text+0x188c): undefined reference to `fcl::CollisionResult<double>::isCollision() const'
[7.517s] /usr/bin/ld: src/collision/libcollision_lib.a(fcl_collision_detector.cpp.o): in function `collision::FCLCollisionCallback(fcl::CollisionObject<double>*, fcl::CollisionObject<double>*, void*)':
[7.517s] fcl_collision_detector.cpp:(.text+0x1956): undefined reference to `fcl::CollisionRequest<double>::CollisionRequest(unsigned long, bool, unsigned long, bool, bool, fcl::GJKSolverType, double)'
[7.518s] /usr/bin/ld: fcl_collision_detector.cpp:(.text+0x196f): undefined reference to `fcl::CollisionResult<double>::CollisionResult()'
[7.518s] /usr/bin/ld: fcl_collision_detector.cpp:(.text+0x1980): undefined reference to `unsigned long fcl::collide<double>(fcl::CollisionObject<double> const*, fcl::CollisionObject<double> const*, fcl::CollisionRequest<double> const&, fcl::CollisionResult<double>&)'
[7.518s] /usr/bin/ld: fcl_collision_detector.cpp:(.text+0x1988): undefined reference to `fcl::CollisionResult<double>::isCollision() const'
[7.518s] /usr/bin/ld: src/collision/libcollision_lib.a(fcl_collision_detector.cpp.o): in function `collision::FCLCollisionDetector::checkRobotCollision() const':
[7.518s] fcl_collision_detector.cpp:(.text+0x1aa1): undefined reference to `fcl::CollisionRequest<double>::CollisionRequest(unsigned long, bool, unsigned long, bool, bool, fcl::GJKSolverType, double)'
[7.518s] /usr/bin/ld: fcl_collision_detector.cpp:(.text+0x1ab1): undefined reference to `fcl::CollisionResult<double>::CollisionResult()'
[7.518s] /usr/bin/ld: fcl_collision_detector.cpp:(.text+0x1ad6): undefined reference to `fcl::DynamicAABBTreeCollisionManager<double>::collide(fcl::BroadPhaseCollisionManager<double>*, void*, bool (*)(fcl::CollisionObject<double>*, fcl::CollisionObject<double>*, void*)) const'
[7.518s] /usr/bin/ld: fcl_collision_detector.cpp:(.text+0x1ade): undefined reference to `fcl::CollisionResult<double>::isCollision() const'
[7.518s] /usr/bin/ld: fcl_collision_detector.cpp:(.text+0x1b54): undefined reference to `fcl::DynamicAABBTreeCollisionManager<double>::setup()'
[7.518s] /usr/bin/ld: fcl_collision_detector.cpp:(.text+0x1b73): undefined reference to `fcl::DynamicAABBTreeCollisionManager<double>::setup()'
[7.518s] /usr/bin/ld: src/collision/libcollision_lib.a(fcl_collision_detector.cpp.o): in function `collision::FCLCollisionDetector::checkSelfCollision(std::vector<std::pair<int, int>, std::allocator<std::pair<int, int> > > const&) const':
[7.518s] fcl_collision_detector.cpp:(.text+0x1c17): undefined reference to `fcl::DynamicAABBTreeCollisionManager<double>::collide(void*, bool (*)(fcl::CollisionObject<double>*, fcl::CollisionObject<double>*, void*)) const'
[7.518s] /usr/bin/ld: fcl_collision_detector.cpp:(.text+0x1c44): undefined reference to `fcl::DynamicAABBTreeCollisionManager<double>::setup()'
[7.518s] /usr/bin/ld: src/collision/libcollision_lib.a(fcl_collision_detector.cpp.o): in function `collision::FCLCollisionDetector::createFCLCollisionObject(collision::Box const&) const':
[7.518s] fcl_collision_detector.cpp:(.text+0x1cf6): undefined reference to `fcl::Box<double>::Box(double, double, double)'
[7.518s] /usr/bin/ld: fcl_collision_detector.cpp:(.text+0x1e25): undefined reference to `fcl::CollisionObject<double>::CollisionObject(std::shared_ptr<fcl::CollisionGeometry<double> > const&, Eigen::Transform<double, 3, 1, 0> const&)'
[7.518s] /usr/bin/ld: src/collision/libcollision_lib.a(fcl_collision_detector.cpp.o): in function `collision::FCLCollisionDetector::createFCLCollisionObject(collision::Sphere const&) const':
[7.518s] fcl_collision_detector.cpp:(.text+0x2010): undefined reference to `fcl::Sphere<double>::Sphere(double)'
[7.518s] /usr/bin/ld: fcl_collision_detector.cpp:(.text+0x20bb): undefined reference to `fcl::CollisionObject<double>::CollisionObject(std::shared_ptr<fcl::CollisionGeometry<double> > const&, Eigen::Transform<double, 3, 1, 0> const&)'
[7.518s] /usr/bin/ld: src/collision/libcollision_lib.a(fcl_collision_detector.cpp.o): in function `collision::FCLCollisionDetector::addObstacle(collision::Sphere const&)':
[7.518s] fcl_collision_detector.cpp:(.text+0x22e8): undefined reference to `fcl::DynamicAABBTreeCollisionManager<double>::registerObject(fcl::CollisionObject<double>*)'
[7.518s] /usr/bin/ld: src/collision/libcollision_lib.a(fcl_collision_detector.cpp.o): in function `collision::FCLCollisionDetector::addObstacle(collision::Box const&)':
[7.518s] fcl_collision_detector.cpp:(.text+0x2428): undefined reference to `fcl::DynamicAABBTreeCollisionManager<double>::registerObject(fcl::CollisionObject<double>*)'
[7.518s] /usr/bin/ld: src/collision/libcollision_lib.a(fcl_collision_detector.cpp.o): in function `collision::FCLContactCallback(fcl::CollisionObject<double>*, fcl::CollisionObject<double>*, void*)':
[7.518s] fcl_collision_detector.cpp:(.text+0x254d): undefined reference to `fcl::CollisionRequest<double>::CollisionRequest(unsigned long, bool, unsigned long, bool, bool, fcl::GJKSolverType, double)'
[7.518s] /usr/bin/ld: fcl_collision_detector.cpp:(.text+0x2572): undefined reference to `fcl::CollisionResult<double>::CollisionResult()'
[7.519s] /usr/bin/ld: fcl_collision_detector.cpp:(.text+0x2583): undefined reference to `unsigned long fcl::collide<double>(fcl::CollisionObject<double> const*, fcl::CollisionObject<double> const*, fcl::CollisionRequest<double> const&, fcl::CollisionResult<double>&)'
[7.519s] /usr/bin/ld: fcl_collision_detector.cpp:(.text+0x258b): undefined reference to `fcl::CollisionResult<double>::isCollision() const'
[7.519s] /usr/bin/ld: fcl_collision_detector.cpp:(.text+0x25b2): undefined reference to `fcl::CollisionResult<double>::getContacts(std::vector<fcl::Contact<double>, std::allocator<fcl::Contact<double> > >&)'
[7.519s] /usr/bin/ld: src/collision/libcollision_lib.a(fcl_collision_detector.cpp.o): in function `collision::FCLCollisionDetector::getAllContacts() const':
[7.519s] fcl_collision_detector.cpp:(.text+0x28b7): undefined reference to `fcl::CollisionRequest<double>::CollisionRequest(unsigned long, bool, unsigned long, bool, bool, fcl::GJKSolverType, double)'
[7.519s] /usr/bin/ld: fcl_collision_detector.cpp:(.text+0x28dd): undefined reference to `fcl::CollisionResult<double>::CollisionResult()'
[7.519s] /usr/bin/ld: fcl_collision_detector.cpp:(.text+0x28f5): undefined reference to `unsigned long fcl::collide<double>(fcl::CollisionObject<double> const*, fcl::CollisionObject<double> const*, fcl::CollisionRequest<double> const&, fcl::CollisionResult<double>&)'
[7.519s] /usr/bin/ld: fcl_collision_detector.cpp:(.text+0x28fd): undefined reference to `fcl::CollisionResult<double>::isCollision() const'
[7.519s] /usr/bin/ld: fcl_collision_detector.cpp:(.text+0x29e1): undefined reference to `fcl::CollisionResult<double>::getContacts(std::vector<fcl::Contact<double>, std::allocator<fcl::Contact<double> > >&)'
[7.519s] /usr/bin/ld: src/collision/libcollision_lib.a(fcl_collision_detector.cpp.o): in function `collision::FCLCollisionDetector::getOrLoadMesh(std::__cxx11::basic_string<char, std::char_traits<char>, std::allocator<char> > const&, Eigen::Matrix<double, 3, 1, 0, 3, 1> const&)':
[7.519s] fcl_collision_detector.cpp:(.text+0x31e6): undefined reference to `simulation::StlLoader::loadBinaryStl(std::__cxx11::basic_string<char, std::char_traits<char>, std::allocator<char> > const&, Eigen::Matrix<double, 3, 1, 0, 3, 1> const&)'
[7.519s] /usr/bin/ld: fcl_collision_detector.cpp:(.text+0x3268): undefined reference to `fcl::CollisionGeometry<double>::CollisionGeometry()'
[7.519s] /usr/bin/ld: fcl_collision_detector.cpp:(.text+0x3644): undefined reference to `fcl::Triangle::Triangle(unsigned long, unsigned long, unsigned long)'
[7.519s] /usr/bin/ld: src/collision/libcollision_lib.a(fcl_collision_detector.cpp.o): in function `collision::FCLCollisionDetector::addMeshObstacle(std::__cxx11::basic_string<char, std::char_traits<char>, std::allocator<char> > const&, Eigen::Matrix<double, 3, 1, 0, 3, 1> const&, Eigen::Matrix<double, 3, 1, 0, 3, 1> const&, Eigen::Matrix<double, 3, 3, 0, 3, 3> const&)':
[7.519s] fcl_collision_detector.cpp:(.text+0x3f00): undefined reference to `fcl::CollisionObject<double>::CollisionObject(std::shared_ptr<fcl::CollisionGeometry<double> > const&, Eigen::Transform<double, 3, 1, 0> const&)'
[7.519s] /usr/bin/ld: fcl_collision_detector.cpp:(.text+0x3f6e): undefined reference to `fcl::DynamicAABBTreeCollisionManager<double>::registerObject(fcl::CollisionObject<double>*)'
[7.519s] /usr/bin/ld: src/collision/libcollision_lib.a(fcl_collision_detector.cpp.o): in function `collision::FCLCollisionDetector::addRobotMeshLink(std::__cxx11::basic_string<char, std::char_traits<char>, std::allocator<char> > const&, Eigen::Matrix<double, 3, 1, 0, 3, 1> const&)':
[7.519s] fcl_collision_detector.cpp:(.text+0x429a): undefined reference to `fcl::CollisionObject<double>::CollisionObject(std::shared_ptr<fcl::CollisionGeometry<double> > const&, Eigen::Transform<double, 3, 1, 0> const&)'
[7.519s] /usr/bin/ld: fcl_collision_detector.cpp:(.text+0x42e9): undefined reference to `fcl::CollisionObject<double>::setUserData(void*)'
[7.519s] /usr/bin/ld: fcl_collision_detector.cpp:(.text+0x4324): undefined reference to `fcl::DynamicAABBTreeCollisionManager<double>::registerObject(fcl::CollisionObject<double>*)'
[7.519s] /usr/bin/ld: src/collision/libcollision_lib.a(fcl_collision_detector.cpp.o): in function `collision::FCLCollisionDetector::createFCLCollisionObject(collision::Mesh const&) const':
[7.519s] fcl_collision_detector.cpp:(.text+0x45bd): undefined reference to `fcl::CollisionGeometry<double>::CollisionGeometry()'
[7.520s] /usr/bin/ld: fcl_collision_detector.cpp:(.text+0x4bb7): undefined reference to `fcl::Triangle::Triangle(unsigned long, unsigned long, unsigned long)'
[7.520s] /usr/bin/ld: fcl_collision_detector.cpp:(.text+0x4cb2): undefined reference to `fcl::CollisionObject<double>::CollisionObject(std::shared_ptr<fcl::CollisionGeometry<double> > const&, Eigen::Transform<double, 3, 1, 0> const&)'
[7.520s] /usr/bin/ld: src/collision/libcollision_lib.a(fcl_collision_detector.cpp.o): in function `collision::FCLCollisionDetector::addObstacle(collision::Mesh const&)':
[7.520s] fcl_collision_detector.cpp:(.text+0x52d8): undefined reference to `fcl::DynamicAABBTreeCollisionManager<double>::registerObject(fcl::CollisionObject<double>*)'
[7.520s] /usr/bin/ld: src/collision/libcollision_lib.a(fcl_collision_detector.cpp.o): in function `collision::FCLCollisionDetector::updateRobotLinkCapsule(int, Eigen::Matrix<double, 3, 1, 0, 3, 1> const&, Eigen::Matrix<double, 3, 1, 0, 3, 1> const&)':
[7.520s] fcl_collision_detector.cpp:(.text+0x6641): undefined reference to `fcl::CollisionObject<double>::setTransform(Eigen::Transform<double, 3, 1, 0> const&)'
[7.520s] /usr/bin/ld: fcl_collision_detector.cpp:(.text+0x664e): undefined reference to `fcl::CollisionObject<double>::computeAABB()'
[7.520s] /usr/bin/ld: fcl_collision_detector.cpp:(.text+0x665f): undefined reference to `fcl::DynamicAABBTreeCollisionManager<double>::update(fcl::CollisionObject<double>*)'
[7.520s] /usr/bin/ld: src/collision/libcollision_lib.a(fcl_collision_detector.cpp.o): in function `collision::FCLCollisionDetector::createFCLCollisionObject(collision::Capsule const&) const':
[7.520s] fcl_collision_detector.cpp:(.text+0x6876): undefined reference to `fcl::Capsule<double>::Capsule(double, double)'
[7.520s] /usr/bin/ld: fcl_collision_detector.cpp:(.text+0x6d0c): undefined reference to `fcl::CollisionObject<double>::CollisionObject(std::shared_ptr<fcl::CollisionGeometry<double> > const&, Eigen::Transform<double, 3, 1, 0> const&)'
[7.520s] /usr/bin/ld: src/collision/libcollision_lib.a(fcl_collision_detector.cpp.o): in function `collision::FCLCollisionDetector::addRobotLink(collision::Capsule const&)':
[7.520s] fcl_collision_detector.cpp:(.text+0x7088): undefined reference to `fcl::CollisionObject<double>::setUserData(void*)'
[7.520s] /usr/bin/ld: fcl_collision_detector.cpp:(.text+0x70d1): undefined reference to `fcl::DynamicAABBTreeCollisionManager<double>::registerObject(fcl::CollisionObject<double>*)'
[7.520s] /usr/bin/ld: src/collision/libcollision_lib.a(fcl_collision_detector.cpp.o): in function `collision::FCLCollisionDetector::FCLCollisionDetector()':
[7.520s] fcl_collision_detector.cpp:(.text+0x71e2): undefined reference to `fcl::DynamicAABBTreeCollisionManager<double>::DynamicAABBTreeCollisionManager()'
[7.520s] /usr/bin/ld: fcl_collision_detector.cpp:(.text+0x71ee): undefined reference to `fcl::DynamicAABBTreeCollisionManager<double>::DynamicAABBTreeCollisionManager()'
[7.520s] /usr/bin/ld: src/collision/libcollision_lib.a(fcl_collision_detector.cpp.o): in function `collision::FCLCollisionDetector::checkRobotCollision(std::vector<collision::Capsule, std::allocator<collision::Capsule> > const&) const':
[7.520s] fcl_collision_detector.cpp:(.text+0x72cb): undefined reference to `fcl::DynamicAABBTreeCollisionManager<double>::DynamicAABBTreeCollisionManager()'
[7.520s] /usr/bin/ld: fcl_collision_detector.cpp:(.text+0x744b): undefined reference to `fcl::DynamicAABBTreeCollisionManager<double>::registerObjects(std::vector<fcl::CollisionObject<double>*, std::allocator<fcl::CollisionObject<double>*> > const&)'
[7.520s] /usr/bin/ld: fcl_collision_detector.cpp:(.text+0x7453): undefined reference to `fcl::DynamicAABBTreeCollisionManager<double>::setup()'
[7.520s] /usr/bin/ld: fcl_collision_detector.cpp:(.text+0x7462): undefined reference to `fcl::DynamicAABBTreeCollisionManager<double>::DynamicAABBTreeCollisionManager()'
[7.520s] /usr/bin/ld: fcl_collision_detector.cpp:(.text+0x7517): undefined reference to `fcl::DynamicAABBTreeCollisionManager<double>::registerObjects(std::vector<fcl::CollisionObject<double>*, std::allocator<fcl::CollisionObject<double>*> > const&)'
[7.520s] /usr/bin/ld: fcl_collision_detector.cpp:(.text+0x751f): undefined reference to `fcl::DynamicAABBTreeCollisionManager<double>::setup()'
[7.520s] /usr/bin/ld: fcl_collision_detector.cpp:(.text+0x7551): undefined reference to `fcl::CollisionRequest<double>::CollisionRequest(unsigned long, bool, unsigned long, bool, bool, fcl::GJKSolverType, double)'
[7.520s] /usr/bin/ld: fcl_collision_detector.cpp:(.text+0x7568): undefined reference to `fcl::CollisionResult<double>::CollisionResult()'
[7.520s] /usr/bin/ld: fcl_collision_detector.cpp:(.text+0x758c): undefined reference to `fcl::DynamicAABBTreeCollisionManager<double>::collide(fcl::BroadPhaseCollisionManager<double>*, void*, bool (*)(fcl::CollisionObject<double>*, fcl::CollisionObject<double>*, void*)) const'
[7.520s] /usr/bin/ld: fcl_collision_detector.cpp:(.text+0x7594): undefined reference to `fcl::CollisionResult<double>::isCollision() const'
[7.520s] /usr/bin/ld: fcl_collision_detector.cpp:(.text+0x7603): undefined reference to `vtable for fcl::DynamicAABBTreeCollisionManager<double>'
[7.520s] /usr/bin/ld: fcl_collision_detector.cpp:(.text+0x786e): undefined reference to `fcl::BroadPhaseCollisionManager<double>::~BroadPhaseCollisionManager()'
[7.520s] /usr/bin/ld: fcl_collision_detector.cpp:(.text+0x7b8a): undefined reference to `fcl::BroadPhaseCollisionManager<double>::~BroadPhaseCollisionManager()'
[7.520s] /usr/bin/ld: src/collision/libcollision_lib.a(fcl_collision_detector.cpp.o): in function `collision::FCLCollisionDetector::~FCLCollisionDetector()':
[7.520s] fcl_collision_detector.cpp:(.text+0x7c84): undefined reference to `fcl::DynamicAABBTreeCollisionManager<double>::clear()'
[7.520s] /usr/bin/ld: fcl_collision_detector.cpp:(.text+0x7c8c): undefined reference to `fcl::DynamicAABBTreeCollisionManager<double>::clear()'
[7.520s] /usr/bin/ld: fcl_collision_detector.cpp:(.text+0x7ef0): undefined reference to `vtable for fcl::DynamicAABBTreeCollisionManager<double>'
[7.520s] /usr/bin/ld: fcl_collision_detector.cpp:(.text+0x80cc): undefined reference to `fcl::BroadPhaseCollisionManager<double>::~BroadPhaseCollisionManager()'
[7.521s] /usr/bin/ld: fcl_collision_detector.cpp:(.text+0x826b): undefined reference to `fcl::BroadPhaseCollisionManager<double>::~BroadPhaseCollisionManager()'
[7.521s] /usr/bin/ld: src/collision/libcollision_lib.a(fcl_collision_detector.cpp.o): in function `fcl::BVHModel<fcl::OBBRSS<double> >::computeVolume() const':
[7.521s] fcl_collision_detector.cpp:(.text._ZNK3fcl8BVHModelINS_6OBBRSSIdEEE13computeVolumeEv[_ZNK3fcl8BVHModelINS_6OBBRSSIdEEE13computeVolumeEv]+0x54): undefined reference to `fcl::Triangle::operator[](int) const'
[7.521s] /usr/bin/ld: fcl_collision_detector.cpp:(.text._ZNK3fcl8BVHModelINS_6OBBRSSIdEEE13computeVolumeEv[_ZNK3fcl8BVHModelINS_6OBBRSSIdEEE13computeVolumeEv]+0x6d): undefined reference to `fcl::Triangle::operator[](int) const'
[7.521s] /usr/bin/ld: fcl_collision_detector.cpp:(.text._ZNK3fcl8BVHModelINS_6OBBRSSIdEEE13computeVolumeEv[_ZNK3fcl8BVHModelINS_6OBBRSSIdEEE13computeVolumeEv]+0xde): undefined reference to `fcl::Triangle::operator[](int) const'
[7.521s] /usr/bin/ld: src/collision/libcollision_lib.a(fcl_collision_detector.cpp.o): in function `fcl::BVHModel<fcl::OBBRSS<double> >::computeLocalAABB()':
[7.521s] fcl_collision_detector.cpp:(.text._ZN3fcl8BVHModelINS_6OBBRSSIdEEE16computeLocalAABBEv[_ZN3fcl8BVHModelINS_6OBBRSSIdEEE16computeLocalAABBEv]+0x2a): undefined reference to `fcl::AABB<double>::AABB()'
[7.521s] /usr/bin/ld: fcl_collision_detector.cpp:(.text._ZN3fcl8BVHModelINS_6OBBRSSIdEEE16computeLocalAABBEv[_ZN3fcl8BVHModelINS_6OBBRSSIdEEE16computeLocalAABBEv]+0x54): undefined reference to `fcl::AABB<double>::operator+=(Eigen::Matrix<double, 3, 1, 0, 3, 1> const&)'
[7.521s] /usr/bin/ld: fcl_collision_detector.cpp:(.text._ZN3fcl8BVHModelINS_6OBBRSSIdEEE16computeLocalAABBEv[_ZN3fcl8BVHModelINS_6OBBRSSIdEEE16computeLocalAABBEv]+0x67): undefined reference to `fcl::AABB<double>::center() const'
[7.521s] /usr/bin/ld: src/collision/libcollision_lib.a(fcl_collision_detector.cpp.o): in function `std::_Sp_counted_ptr_inplace<fcl::CollisionObject<double>, std::allocator<fcl::CollisionObject<double> >, (__gnu_cxx::_Lock_policy)2>::_M_dispose()':
[7.521s] fcl_collision_detector.cpp:(.text._ZNSt23_Sp_counted_ptr_inplaceIN3fcl15CollisionObjectIdEESaIS2_ELN9__gnu_cxx12_Lock_policyE2EE10_M_disposeEv[_ZNSt23_Sp_counted_ptr_inplaceIN3fcl15CollisionObjectIdEESaIS2_ELN9__gnu_cxx12_Lock_policyE2EE10_M_disposeEv]+0x9): undefined reference to `fcl::CollisionObject<double>::~CollisionObject()'
[7.521s] /usr/bin/ld: src/collision/libcollision_lib.a(fcl_collision_detector.cpp.o): in function `bool fcl::DefaultCollisionFunction<double>(fcl::CollisionObject<double>*, fcl::CollisionObject<double>*, void*)':
[7.521s] fcl_collision_detector.cpp:(.text._ZN3fcl24DefaultCollisionFunctionIdEEbPNS_15CollisionObjectIT_EES4_Pv[_ZN3fcl24DefaultCollisionFunctionIdEEbPNS_15CollisionObjectIT_EES4_Pv]+0x2b): undefined reference to `unsigned long fcl::collide<double>(fcl::CollisionObject<double> const*, fcl::CollisionObject<double> const*, fcl::CollisionRequest<double> const&, fcl::CollisionResult<double>&)'
[7.521s] /usr/bin/ld: fcl_collision_detector.cpp:(.text._ZN3fcl24DefaultCollisionFunctionIdEEbPNS_15CollisionObjectIT_EES4_Pv[_ZN3fcl24DefaultCollisionFunctionIdEEbPNS_15CollisionObjectIT_EES4_Pv]+0x4c): undefined reference to `fcl::CollisionResult<double>::isCollision() const'
[7.521s] /usr/bin/ld: fcl_collision_detector.cpp:(.text._ZN3fcl24DefaultCollisionFunctionIdEEbPNS_15CollisionObjectIT_EES4_Pv[_ZN3fcl24DefaultCollisionFunctionIdEEbPNS_15CollisionObjectIT_EES4_Pv]+0x5b): undefined reference to `fcl::CollisionResult<double>::numContacts() const'
[7.521s] /usr/bin/ld: src/collision/libcollision_lib.a(fcl_collision_detector.cpp.o): in function `fcl::BVHModel<fcl::OBBRSS<double> >::computeCOM() const':
[7.521s] fcl_collision_detector.cpp:(.text._ZNK3fcl8BVHModelINS_6OBBRSSIdEEE10computeCOMEv[_ZNK3fcl8BVHModelINS_6OBBRSSIdEEE10computeCOMEv]+0x69): undefined reference to `fcl::Triangle::operator[](int) const'
[7.521s] /usr/bin/ld: fcl_collision_detector.cpp:(.text._ZNK3fcl8BVHModelINS_6OBBRSSIdEEE10computeCOMEv[_ZNK3fcl8BVHModelINS_6OBBRSSIdEEE10computeCOMEv]+0x82): undefined reference to `fcl::Triangle::operator[](int) const'
[7.521s] /usr/bin/ld: fcl_collision_detector.cpp:(.text._ZNK3fcl8BVHModelINS_6OBBRSSIdEEE10computeCOMEv[_ZNK3fcl8BVHModelINS_6OBBRSSIdEEE10computeCOMEv]+0xef): undefined reference to `fcl::Triangle::operator[](int) const'
[7.521s] /usr/bin/ld: fcl_collision_detector.cpp:(.text._ZNK3fcl8BVHModelINS_6OBBRSSIdEEE10computeCOMEv[_ZNK3fcl8BVHModelINS_6OBBRSSIdEEE10computeCOMEv]+0x145): undefined reference to `fcl::Triangle::operator[](int) const'
[7.521s] /usr/bin/ld: fcl_collision_detector.cpp:(.text._ZNK3fcl8BVHModelINS_6OBBRSSIdEEE10computeCOMEv[_ZNK3fcl8BVHModelINS_6OBBRSSIdEEE10computeCOMEv]+0x15e): undefined reference to `fcl::Triangle::operator[](int) const'
[7.521s] /usr/bin/ld: src/collision/libcollision_lib.a(fcl_collision_detector.cpp.o):fcl_collision_detector.cpp:(.text._ZNK3fcl8BVHModelINS_6OBBRSSIdEEE10computeCOMEv[_ZNK3fcl8BVHModelINS_6OBBRSSIdEEE10computeCOMEv]+0x174): more undefined references to `fcl::Triangle::operator[](int) const' follow
[7.521s] /usr/bin/ld: src/collision/libcollision_lib.a(fcl_collision_detector.cpp.o): in function `fcl::detail::BVFitter<fcl::OBBRSS<double> >::fit(unsigned int*, int)':
[7.521s] fcl_collision_detector.cpp:(.text._ZN3fcl6detail8BVFitterINS_6OBBRSSIdEEE3fitEPji[_ZN3fcl6detail8BVFitterINS_6OBBRSSIdEEE3fitEPji]+0x41): undefined reference to `fcl::OBB<double>::OBB()'
[7.521s] /usr/bin/ld: fcl_collision_detector.cpp:(.text._ZN3fcl6detail8BVFitterINS_6OBBRSSIdEEE3fitEPji[_ZN3fcl6detail8BVFitterINS_6OBBRSSIdEEE3fitEPji]+0x49): undefined reference to `fcl::RSS<double>::RSS()'
[7.521s] /usr/bin/ld: fcl_collision_detector.cpp:(.text._ZN3fcl6detail8BVFitterINS_6OBBRSSIdEEE3fitEPji[_ZN3fcl6detail8BVFitterINS_6OBBRSSIdEEE3fitEPji]+0x6a): undefined reference to `void fcl::getCovariance<double>(Eigen::Matrix<double, 3, 1, 0, 3, 1> const*, Eigen::Matrix<double, 3, 1, 0, 3, 1> const*, fcl::Triangle*, unsigned int*, int, Eigen::Matrix<double, 3, 3, 0, 3, 3>&)'
[7.521s] /usr/bin/ld: fcl_collision_detector.cpp:(.text._ZN3fcl6detail8BVFitterINS_6OBBRSSIdEEE3fitEPji[_ZN3fcl6detail8BVFitterINS_6OBBRSSIdEEE3fitEPji]+0x80): undefined reference to `void fcl::eigen_old<double>(Eigen::Matrix<double, 3, 3, 0, 3, 3> const&, Eigen::Matrix<double, 3, 1, 0, 3, 1>&, Eigen::Matrix<double, 3, 3, 0, 3, 3>&)'
[7.521s] /usr/bin/ld: fcl_collision_detector.cpp:(.text._ZN3fcl6detail8BVFitterINS_6OBBRSSIdEEE3fitEPji[_ZN3fcl6detail8BVFitterINS_6OBBRSSIdEEE3fitEPji]+0x8f): undefined reference to `void fcl::axisFromEigen<double>(Eigen::Matrix<double, 3, 3, 0, 3, 3> const&, Eigen::Matrix<double, 3, 1, 0, 3, 1> const&, Eigen::Matrix<double, 3, 3, 0, 3, 3>&)'
[7.521s] /usr/bin/ld: fcl_collision_detector.cpp:(.text._ZN3fcl6detail8BVFitterINS_6OBBRSSIdEEE3fitEPji[_ZN3fcl6detail8BVFitterINS_6OBBRSSIdEEE3fitEPji]+0x102): undefined reference to `void fcl::getExtentAndCenter<double>(Eigen::Matrix<double, 3, 1, 0, 3, 1> const*, Eigen::Matrix<double, 3, 1, 0, 3, 1> const*, fcl::Triangle*, unsigned int*, int, Eigen::Matrix<double, 3, 3, 0, 3, 3> const&, Eigen::Matrix<double, 3, 1, 0, 3, 1>&, Eigen::Matrix<double, 3, 1, 0, 3, 1>&)'
[7.521s] /usr/bin/ld: fcl_collision_detector.cpp:(.text._ZN3fcl6detail8BVFitterINS_6OBBRSSIdEEE3fitEPji[_ZN3fcl6detail8BVFitterINS_6OBBRSSIdEEE3fitEPji]+0x13a): undefined reference to `void fcl::getRadiusAndOriginAndRectangleSize<double>(Eigen::Matrix<double, 3, 1, 0, 3, 1> const*, Eigen::Matrix<double, 3, 1, 0, 3, 1> const*, fcl::Triangle*, unsigned int*, int, Eigen::Matrix<double, 3, 3, 0, 3, 3> const&, Eigen::Matrix<double, 3, 1, 0, 3, 1>&, double*, double&)'
[7.521s] /usr/bin/ld: src/collision/libcollision_lib.a(fcl_collision_detector.cpp.o): in function `fcl::BVHModel<fcl::OBBRSS<double> >::computeMomentofInertia() const':
[7.521s] fcl_collision_detector.cpp:(.text._ZNK3fcl8BVHModelINS_6OBBRSSIdEEE22computeMomentofInertiaEv[_ZNK3fcl8BVHModelINS_6OBBRSSIdEEE22computeMomentofInertiaEv]+0x8e): undefined reference to `fcl::Triangle::operator[](int) const'
[7.521s] /usr/bin/ld: fcl_collision_detector.cpp:(.text._ZNK3fcl8BVHModelINS_6OBBRSSIdEEE22computeMomentofInertiaEv[_ZNK3fcl8BVHModelINS_6OBBRSSIdEEE22computeMomentofInertiaEv]+0xa7): undefined reference to `fcl::Triangle::operator[](int) const'
[7.521s] /usr/bin/ld: fcl_collision_detector.cpp:(.text._ZNK3fcl8BVHModelINS_6OBBRSSIdEEE22computeMomentofInertiaEv[_ZNK3fcl8BVHModelINS_6OBBRSSIdEEE22computeMomentofInertiaEv]+0xc4): undefined reference to `fcl::Triangle::operator[](int) const'
[7.521s] /usr/bin/ld: src/collision/libcollision_lib.a(fcl_collision_detector.cpp.o): in function `collision::FCLCollisionDetector::getOrLoadMesh(std::__cxx11::basic_string<char, std::char_traits<char>, std::allocator<char> > const&, Eigen::Matrix<double, 3, 1, 0, 3, 1> const&) [clone .cold]':
[7.521s] fcl_collision_detector.cpp:(.text.unlikely+0x2ba): undefined reference to `fcl::CollisionGeometry<double>::~CollisionGeometry()'
[7.521s] /usr/bin/ld: src/collision/libcollision_lib.a(fcl_collision_detector.cpp.o): in function `collision::FCLCollisionDetector::createFCLCollisionObject(collision::Mesh const&) const [clone .cold]':
[7.522s] fcl_collision_detector.cpp:(.text.unlikely+0x5ff): undefined reference to `fcl::CollisionGeometry<double>::~CollisionGeometry()'
[7.522s] /usr/bin/ld: src/collision/libcollision_lib.a(fcl_collision_detector.cpp.o): in function `fcl::detail::BVSplitter<fcl::OBBRSS<double> >::computeRule(fcl::OBBRSS<double> const&, unsigned int*, int)':
[7.522s] fcl_collision_detector.cpp:(.text._ZN3fcl6detail10BVSplitterINS_6OBBRSSIdEEE11computeRuleERKS3_Pji[_ZN3fcl6detail10BVSplitterINS_6OBBRSSIdEEE11computeRuleERKS3_Pji]+0x138): undefined reference to `fcl::OBBRSS<double>::center() const'
[7.522s] /usr/bin/ld: fcl_collision_detector.cpp:(.text._ZN3fcl6detail10BVSplitterINS_6OBBRSSIdEEE11computeRuleERKS3_Pji[_ZN3fcl6detail10BVSplitterINS_6OBBRSSIdEEE11computeRuleERKS3_Pji]+0x243): undefined reference to `fcl::Triangle::operator[](int) const'
[7.522s] /usr/bin/ld: fcl_collision_detector.cpp:(.text._ZN3fcl6detail10BVSplitterINS_6OBBRSSIdEEE11computeRuleERKS3_Pji[_ZN3fcl6detail10BVSplitterINS_6OBBRSSIdEEE11computeRuleERKS3_Pji]+0x25d): undefined reference to `fcl::Triangle::operator[](int) const'
[7.522s] /usr/bin/ld: fcl_collision_detector.cpp:(.text._ZN3fcl6detail10BVSplitterINS_6OBBRSSIdEEE11computeRuleERKS3_Pji[_ZN3fcl6detail10BVSplitterINS_6OBBRSSIdEEE11computeRuleERKS3_Pji]+0x277): undefined reference to `fcl::Triangle::operator[](int) const'
[7.522s] /usr/bin/ld: fcl_collision_detector.cpp:(.text._ZN3fcl6detail10BVSplitterINS_6OBBRSSIdEEE11computeRuleERKS3_Pji[_ZN3fcl6detail10BVSplitterINS_6OBBRSSIdEEE11computeRuleERKS3_Pji]+0x49d): undefined reference to `fcl::Triangle::operator[](int) const'
[7.522s] /usr/bin/ld: fcl_collision_detector.cpp:(.text._ZN3fcl6detail10BVSplitterINS_6OBBRSSIdEEE11computeRuleERKS3_Pji[_ZN3fcl6detail10BVSplitterINS_6OBBRSSIdEEE11computeRuleERKS3_Pji]+0x4b4): undefined reference to `fcl::Triangle::operator[](int) const'
[7.522s] /usr/bin/ld: src/collision/libcollision_lib.a(fcl_collision_detector.cpp.o):fcl_collision_detector.cpp:(.text._ZN3fcl6detail10BVSplitterINS_6OBBRSSIdEEE11computeRuleERKS3_Pji[_ZN3fcl6detail10BVSplitterINS_6OBBRSSIdEEE11computeRuleERKS3_Pji]+0x4cb): more undefined references to `fcl::Triangle::operator[](int) const' follow
[7.522s] /usr/bin/ld: src/collision/libcollision_lib.a(fcl_collision_detector.cpp.o): in function `fcl::BVHModel<fcl::OBBRSS<double> >::~BVHModel()':
[7.522s] fcl_collision_detector.cpp:(.text._ZN3fcl8BVHModelINS_6OBBRSSIdEEED0Ev[_ZN3fcl8BVHModelINS_6OBBRSSIdEEED5Ev]+0xc4): undefined reference to `fcl::CollisionGeometry<double>::~CollisionGeometry()'
[7.522s] /usr/bin/ld: src/collision/libcollision_lib.a(fcl_collision_detector.cpp.o): in function `fcl::BVHModel<fcl::OBBRSS<double> >::~BVHModel()':
[7.522s] fcl_collision_detector.cpp:(.text._ZN3fcl8BVHModelINS_6OBBRSSIdEEED2Ev[_ZN3fcl8BVHModelINS_6OBBRSSIdEEED5Ev]+0xcb): undefined reference to `fcl::CollisionGeometry<double>::~CollisionGeometry()'
[7.522s] /usr/bin/ld: src/collision/libcollision_lib.a(fcl_collision_detector.cpp.o): in function `std::_Sp_counted_ptr_inplace<fcl::BVHModel<fcl::OBBRSS<double> >, std::allocator<fcl::BVHModel<fcl::OBBRSS<double> > >, (__gnu_cxx::_Lock_policy)2>::_M_dispose()':
[7.522s] fcl_collision_detector.cpp:(.text._ZNSt23_Sp_counted_ptr_inplaceIN3fcl8BVHModelINS0_6OBBRSSIdEEEESaIS4_ELN9__gnu_cxx12_Lock_policyE2EE10_M_disposeEv[_ZNSt23_Sp_counted_ptr_inplaceIN3fcl8BVHModelINS0_6OBBRSSIdEEEESaIS4_ELN9__gnu_cxx12_Lock_policyE2EE10_M_disposeEv]+0xdc): undefined reference to `fcl::CollisionGeometry<double>::~CollisionGeometry()'
[7.522s] /usr/bin/ld: src/collision/libcollision_lib.a(fcl_collision_detector.cpp.o): in function `void std::vector<fcl::Triangle, std::allocator<fcl::Triangle> >::_M_realloc_insert<unsigned int&, unsigned int&, unsigned int&>(__gnu_cxx::__normal_iterator<fcl::Triangle*, std::vector<fcl::Triangle, std::allocator<fcl::Triangle> > >, unsigned int&, unsigned int&, unsigned int&)':
[7.522s] fcl_collision_detector.cpp:(.text._ZNSt6vectorIN3fcl8TriangleESaIS1_EE17_M_realloc_insertIJRjS5_S5_EEEvN9__gnu_cxx17__normal_iteratorIPS1_S3_EEDpOT_[_ZNSt6vectorIN3fcl8TriangleESaIS1_EE17_M_realloc_insertIJRjS5_S5_EEEvN9__gnu_cxx17__normal_iteratorIPS1_S3_EEDpOT_]+0x8f): undefined reference to `fcl::Triangle::Triangle(unsigned long, unsigned long, unsigned long)'
[7.522s] /usr/bin/ld: src/collision/libcollision_lib.a(fcl_collision_detector.cpp.o): in function `void std::vector<fcl::Triangle, std::allocator<fcl::Triangle> >::_M_realloc_insert<int&, int&, int&>(__gnu_cxx::__normal_iterator<fcl::Triangle*, std::vector<fcl::Triangle, std::allocator<fcl::Triangle> > >, int&, int&, int&)':
[7.522s] fcl_collision_detector.cpp:(.text._ZNSt6vectorIN3fcl8TriangleESaIS1_EE17_M_realloc_insertIJRiS5_S5_EEEvN9__gnu_cxx17__normal_iteratorIPS1_S3_EEDpOT_[_ZNSt6vectorIN3fcl8TriangleESaIS1_EE17_M_realloc_insertIJRiS5_S5_EEEvN9__gnu_cxx17__normal_iteratorIPS1_S3_EEDpOT_]+0x8f): undefined reference to `fcl::Triangle::Triangle(unsigned long, unsigned long, unsigned long)'
[7.522s] /usr/bin/ld: src/collision/libcollision_lib.a(fcl_collision_detector.cpp.o): in function `fcl::DynamicAABBTreeCollisionManager<double>::~DynamicAABBTreeCollisionManager()':
[7.522s] fcl_collision_detector.cpp:(.text._ZN3fcl31DynamicAABBTreeCollisionManagerIdED2Ev[_ZN3fcl31DynamicAABBTreeCollisionManagerIdED5Ev]+0x9): undefined reference to `vtable for fcl::DynamicAABBTreeCollisionManager<double>'
[7.522s] /usr/bin/ld: fcl_collision_detector.cpp:(.text._ZN3fcl31DynamicAABBTreeCollisionManagerIdED2Ev[_ZN3fcl31DynamicAABBTreeCollisionManagerIdED5Ev]+0x2eb): undefined reference to `fcl::BroadPhaseCollisionManager<double>::~BroadPhaseCollisionManager()'
[7.522s] /usr/bin/ld: src/collision/libcollision_lib.a(fcl_collision_detector.cpp.o): in function `fcl::DynamicAABBTreeCollisionManager<double>::~DynamicAABBTreeCollisionManager()':
[7.522s] fcl_collision_detector.cpp:(.text._ZN3fcl31DynamicAABBTreeCollisionManagerIdED0Ev[_ZN3fcl31DynamicAABBTreeCollisionManagerIdED5Ev]+0x9): undefined reference to `vtable for fcl::DynamicAABBTreeCollisionManager<double>'
[7.522s] /usr/bin/ld: fcl_collision_detector.cpp:(.text._ZN3fcl31DynamicAABBTreeCollisionManagerIdED0Ev[_ZN3fcl31DynamicAABBTreeCollisionManagerIdED5Ev]+0x2b3): undefined reference to `fcl::BroadPhaseCollisionManager<double>::~BroadPhaseCollisionManager()'
[7.522s] /usr/bin/ld: src/collision/libcollision_lib.a(fcl_collision_detector.cpp.o):(.data.rel.ro._ZTVN3fcl8BVHModelINS_6OBBRSSIdEEEE[_ZTVN3fcl8BVHModelINS_6OBBRSSIdEEEE]+0x50): undefined reference to `fcl::CollisionGeometry<double>::computeMomentofInertiaRelatedToCOM() const'
[7.526s] /usr/bin/ld: warning: creating DT_TEXTREL in a PIE
[7.529s] collect2: error: ld returned 1 exit status
[7.533s] gmake[2]: *** [CMakeFiles/offline_urdf_trainer.dir/build.make:168: offline_urdf_trainer] エラー 1
[7.533s] gmake[1]: *** [CMakeFiles/Makefile2:355: CMakeFiles/offline_urdf_trainer.dir/all] エラー 2
[7.533s] gmake: *** [Makefile:146: all] エラー 2
[7.535s] Invoked command in '/home/fuzzrobo/uraki_ws/build/gng_planner' returned '2': CMAKE_PREFIX_PATH=/opt/ros/humble /usr/bin/cmake --build /home/fuzzrobo/uraki_ws/build/gng_planner -- -j16 -l16
