-- The C compiler identification is GNU 11.4.0
-- The CXX compiler identification is GNU 11.4.0
-- Detecting C compiler ABI info
-- Detecting C compiler ABI info - done
-- Check for working C compiler: /usr/bin/cc - skipped
-- Detecting C compile features
-- Detecting C compile features - done
-- Detecting CXX compiler ABI info
-- Detecting CXX compiler ABI info - done
-- Check for working CXX compiler: /usr/bin/c++ - skipped
-- Detecting CXX compile features
-- Detecting CXX compile features - done
-- Found Python3: /usr/bin/python3 (found version "3.10.12") found components: Interpreter 
-- ROS 2 (Humble) environment detected.
-- Found rclcpp: 16.0.19 (/opt/ros/humble/share/rclcpp/cmake)
-- Found rosidl_generator_c: 3.1.8 (/opt/ros/humble/share/rosidl_generator_c/cmake)
-- Found rosidl_adapter: 3.1.8 (/opt/ros/humble/share/rosidl_adapter/cmake)
-- Found rosidl_generator_cpp: 3.1.8 (/opt/ros/humble/share/rosidl_generator_cpp/cmake)
-- Using all available rosidl_typesupport_c: rosidl_typesupport_fastrtps_c;rosidl_typesupport_introspection_c
-- Using all available rosidl_typesupport_cpp: rosidl_typesupport_fastrtps_cpp;rosidl_typesupport_introspection_cpp
-- Found rmw_implementation_cmake: 6.1.2 (/opt/ros/humble/share/rmw_implementation_cmake/cmake)
-- Found rmw_fastrtps_cpp: 6.2.10 (/opt/ros/humble/share/rmw_fastrtps_cpp/cmake)
-- Found OpenSSL: /usr/lib/x86_64-linux-gnu/libcrypto.so (found version "3.0.2")  
-- Found FastRTPS: /opt/ros/humble/include  
-- Using RMW implementation 'rmw_fastrtps_cpp' as default
-- Looking for pthread.h
-- Looking for pthread.h - found
-- Performing Test CMAKE_HAVE_LIBC_PTHREAD
-- Performing Test CMAKE_HAVE_LIBC_PTHREAD - Success
-- Found Threads: TRUE  
-- Found urdf: 2.6.1 (/opt/ros/humble/share/urdf/cmake)
-- Configuring done
-- Generating done
-- Build files have been written to: /home/fuzzrobo/uraki_ws/build/gng_planner
[  6%] [32mBuilding CXX object src/common/CMakeFiles/common_lib.dir/config_manager.cpp.o[0m
[  6%] [32mBuilding CXX object src/common/CMakeFiles/common_lib.dir/geometry_utils.cpp.o[0m
[  9%] [32m[1mLinking CXX static library libcommon_lib.a[0m
[  9%] Built target common_lib
[ 12%] [32mBuilding CXX object src/kinematics/CMakeFiles/kinematics_lib.dir/kinematic_chain.cpp.o[0m
[ 15%] [32mBuilding CXX object src/hardware/CMakeFiles/hardware_lib.dir/twin_manager.cpp.o[0m
[ 18%] [32m[1mLinking CXX static library libhardware_lib.a[0m
[ 18%] Built target hardware_lib
[ 21%] [32m[1mLinking CXX static library libkinematics_lib.a[0m
[ 21%] Built target kinematics_lib
[ 46%] [32mBuilding CXX object src/gng/CMakeFiles/gng_lib.dir/GrowingNeuralGas_offline.cpp.o[0m
[ 46%] [32mBuilding CXX object src/collision/CMakeFiles/collision_lib.dir/geometric_self_collision_checker.cpp.o[0m
[ 46%] [32mBuilding CXX object src/collision/CMakeFiles/collision_lib.dir/environment_collision_checker.cpp.o[0m
[ 46%] [32mBuilding CXX object src/collision/CMakeFiles/collision_lib.dir/self_collision_checker.cpp.o[0m
[ 46%] [32mBuilding CXX object src/collision/CMakeFiles/collision_lib.dir/point_cloud_collision_checker.cpp.o[0m
[ 46%] [32mBuilding CXX object src/collision/CMakeFiles/collision_lib.dir/collision_detector.cpp.o[0m
[ 46%] [32mBuilding CXX object src/collision/CMakeFiles/collision_lib.dir/fcl/fcl_collision_detector.cpp.o[0m
[ 46%] [32mBuilding CXX object src/spatial/CMakeFiles/spatial_lib.dir/robot_model_analyzer.cpp.o[0m
[ 50%] [32m[1mLinking CXX static library libspatial_lib.a[0m
[ 50%] Built target spatial_lib
[ 53%] [32m[1mLinking CXX static library libgng_lib.a[0m
[ 53%] Built target gng_lib
[ 62%] [32mBuilding CXX object src/control/CMakeFiles/control_lib.dir/trajectory_safety_manager.cpp.o[0m
[ 62%] [32mBuilding CXX object src/status/CMakeFiles/status_lib.dir/dynamic_manipulability.cpp.o[0m
[ 62%] [32mBuilding CXX object src/status/CMakeFiles/status_lib.dir/manipulability.cpp.o[0m
[ 65%] [32m[1mLinking CXX static library libcontrol_lib.a[0m
[ 65%] Built target control_lib
[ 68%] [32m[1mLinking CXX static library libcollision_lib.a[0m
[ 68%] Built target collision_lib
[ 71%] [32mBuilding CXX object src/simulation/CMakeFiles/simulation_lib.dir/robot/geometry_management.cpp.o[0m
[ 78%] [32mBuilding CXX object src/simulation/CMakeFiles/simulation_lib.dir/robot/kinematic_adapter.cpp.o[0m
[ 78%] [32mBuilding CXX object src/simulation/CMakeFiles/simulation_lib.dir/robot/urdf_loader.cpp.o[0m
[ 81%] [32mBuilding CXX object src/simulation/CMakeFiles/simulation_lib.dir/robot/robot_collision_model.cpp.o[0m
[ 84%] [32mBuilding CXX object src/simulation/CMakeFiles/simulation_lib.dir/robot/stl_loader.cpp.o[0m
[ 87%] [32mBuilding CXX object src/simulation/CMakeFiles/simulation_lib.dir/sensing/robot_point_cloud_sampler.cpp.o[0m
[ 90%] [32m[1mLinking CXX static library libstatus_lib.a[0m
[ 90%] Built target status_lib
