-- The C compiler identification is GNU 11.4.0
-- The CXX compiler identification is GNU 11.4.0
-- Detecting C compiler ABI info
-- Detecting C compiler ABI info - done
-- Check for working C compiler: /usr/bin/cc - skipped
-- Detecting C compile features
-- Detecting C compile features - done
-- Detecting CXX compiler ABI info
-- Detecting CXX compiler ABI info - done
-- Check for working CXX compiler: /usr/bin/c++ - skipped
-- Detecting CXX compile features
-- Detecting CXX compile features - done
-- Found Python3: /usr/bin/python3 (found version "3.10.12") found components: Interpreter 
-- ROS 2 (Humble) environment detected.
-- Found rclcpp: 16.0.19 (/opt/ros/humble/share/rclcpp/cmake)
-- Found rosidl_generator_c: 3.1.8 (/opt/ros/humble/share/rosidl_generator_c/cmake)
-- Found rosidl_adapter: 3.1.8 (/opt/ros/humble/share/rosidl_adapter/cmake)
-- Found rosidl_generator_cpp: 3.1.8 (/opt/ros/humble/share/rosidl_generator_cpp/cmake)
-- Using all available rosidl_typesupport_c: rosidl_typesupport_fastrtps_c;rosidl_typesupport_introspection_c
-- Using all available rosidl_typesupport_cpp: rosidl_typesupport_fastrtps_cpp;rosidl_typesupport_introspection_cpp
-- Found rmw_implementation_cmake: 6.1.2 (/opt/ros/humble/share/rmw_implementation_cmake/cmake)
-- Found rmw_fastrtps_cpp: 6.2.10 (/opt/ros/humble/share/rmw_fastrtps_cpp/cmake)
-- Found OpenSSL: /usr/lib/x86_64-linux-gnu/libcrypto.so (found version "3.0.2")  
-- Found FastRTPS: /opt/ros/humble/include  
-- Using RMW implementation 'rmw_fastrtps_cpp' as default
-- Looking for pthread.h
-- Looking for pthread.h - found
-- Performing Test CMAKE_HAVE_LIBC_PTHREAD
-- Performing Test CMAKE_HAVE_LIBC_PTHREAD - Success
-- Found Threads: TRUE  
-- Found urdf: 2.6.1 (/opt/ros/humble/share/urdf/cmake)
-- Configuring done
-- Generating done
[33mCMake Warning:
  Manually-specified variables were not used by the project:

    USE_DRAWSTUFF

[0m
-- Build files have been written to: /home/fuzzrobo/uraki_ws/build/gng_planner
[  6%] [32mBuilding CXX object src/common/CMakeFiles/common_lib.dir/config_manager.cpp.o[0m
[  6%] [32mBuilding CXX object src/common/CMakeFiles/common_lib.dir/geometry_utils.cpp.o[0m
[  9%] [32m[1mLinking CXX static library libcommon_lib.a[0m
[  9%] Built target common_lib
[ 12%] [32mBuilding CXX object src/kinematics/CMakeFiles/kinematics_lib.dir/kinematic_chain.cpp.o[0m
[ 15%] [32mBuilding CXX object src/hardware/CMakeFiles/hardware_lib.dir/twin_manager.cpp.o[0m
[ 18%] [32m[1mLinking CXX static library libhardware_lib.a[0m
[ 18%] Built target hardware_lib
[ 21%] [32m[1mLinking CXX static library libkinematics_lib.a[0m
[ 21%] Built target kinematics_lib
[ 46%] [32mBuilding CXX object src/gng/CMakeFiles/gng_lib.dir/GrowingNeuralGas_offline.cpp.o[0m
[ 46%] [32mBuilding CXX object src/collision/CMakeFiles/collision_lib.dir/geometric_self_collision_checker.cpp.o[0m
[ 46%] [32mBuilding CXX object src/collision/CMakeFiles/collision_lib.dir/environment_collision_checker.cpp.o[0m
[ 46%] [32mBuilding CXX object src/collision/CMakeFiles/collision_lib.dir/self_collision_checker.cpp.o[0m
[ 46%] [32mBuilding CXX object src/collision/CMakeFiles/collision_lib.dir/point_cloud_collision_checker.cpp.o[0m
[ 46%] [32mBuilding CXX object src/collision/CMakeFiles/collision_lib.dir/collision_detector.cpp.o[0m
[ 46%] [32mBuilding CXX object src/collision/CMakeFiles/collision_lib.dir/fcl/fcl_collision_detector.cpp.o[0m
[ 46%] [32mBuilding CXX object src/spatial/CMakeFiles/spatial_lib.dir/robot_model_analyzer.cpp.o[0m
[ 50%] [32m[1mLinking CXX static library libspatial_lib.a[0m
[ 50%] Built target spatial_lib
[ 53%] [32m[1mLinking CXX static library libgng_lib.a[0m
[ 53%] Built target gng_lib
[ 62%] [32mBuilding CXX object src/control/CMakeFiles/control_lib.dir/trajectory_safety_manager.cpp.o[0m
[ 62%] [32mBuilding CXX object src/status/CMakeFiles/status_lib.dir/dynamic_manipulability.cpp.o[0m
[ 62%] [32mBuilding CXX object src/status/CMakeFiles/status_lib.dir/manipulability.cpp.o[0m
[ 65%] [32m[1mLinking CXX static library libcontrol_lib.a[0m
[ 65%] Built target control_lib
[ 68%] [32m[1mLinking CXX static library libcollision_lib.a[0m
[ 68%] Built target collision_lib
[ 71%] [32mBuilding CXX object src/simulation/CMakeFiles/simulation_lib.dir/robot/geometry_management.cpp.o[0m
[ 78%] [32mBuilding CXX object src/simulation/CMakeFiles/simulation_lib.dir/robot/kinematic_adapter.cpp.o[0m
[ 78%] [32mBuilding CXX object src/simulation/CMakeFiles/simulation_lib.dir/robot/urdf_loader.cpp.o[0m
[ 81%] [32mBuilding CXX object src/simulation/CMakeFiles/simulation_lib.dir/robot/robot_collision_model.cpp.o[0m
[ 84%] [32mBuilding CXX object src/simulation/CMakeFiles/simulation_lib.dir/robot/stl_loader.cpp.o[0m
[ 87%] [32mBuilding CXX object src/simulation/CMakeFiles/simulation_lib.dir/sensing/robot_point_cloud_sampler.cpp.o[0m
In file included from [01m[K/home/fuzzrobo/uraki_ws/fuzz_arm/src/simulation/robot/geometry_management.cpp:6[m[K:
[01m[K/home/fuzzrobo/uraki_ws/fuzz_arm/src/simulation/robot/geometry_management.hpp:28:3:[m[K [01;31m[Kerror: [m[K‘[01m[KdTriMeshDataID[m[K’ does not name a type
   28 |   [01;31m[KdTriMeshDataID[m[K data_id;
      |   [01;31m[K^~~~~~~~~~~~~~[m[K
[01m[K/home/fuzzrobo/uraki_ws/fuzz_arm/src/simulation/robot/geometry_management.hpp:29:15:[m[K [01;31m[Kerror: [m[K‘[01m[KdReal[m[K’ was not declared in this scope
   29 |   std::vector<[01;31m[KdReal[m[K> vertices;    // ODE expects dReal (float or double)
      |               [01;31m[K^~~~~[m[K
[01m[K/home/fuzzrobo/uraki_ws/fuzz_arm/src/simulation/robot/geometry_management.hpp:29:20:[m[K [01;31m[Kerror: [m[Ktemplate argument 1 is invalid
   29 |   std::vector<dReal[01;31m[K>[m[K vertices;    // ODE expects dReal (float or double)
      |                    [01;31m[K^[m[K
[01m[K/home/fuzzrobo/uraki_ws/fuzz_arm/src/simulation/robot/geometry_management.hpp:29:20:[m[K [01;31m[Kerror: [m[Ktemplate argument 2 is invalid
[01m[K/home/fuzzrobo/uraki_ws/fuzz_arm/src/simulation/robot/geometry_management.hpp:30:15:[m[K [01;31m[Kerror: [m[K‘[01m[KdTriIndex[m[K’ was not declared in this scope; did you mean ‘[01m[Krindex[m[K’?
   30 |   std::vector<[01;31m[KdTriIndex[m[K> indices; // ODE index type
      |               [01;31m[K^~~~~~~~~[m[K
      |               [32m[Krindex[m[K
[01m[K/home/fuzzrobo/uraki_ws/fuzz_arm/src/simulation/robot/geometry_management.hpp:30:24:[m[K [01;31m[Kerror: [m[Ktemplate argument 1 is invalid
   30 |   std::vector<dTriIndex[01;31m[K>[m[K indices; // ODE index type
      |                        [01;31m[K^[m[K
[01m[K/home/fuzzrobo/uraki_ws/fuzz_arm/src/simulation/robot/geometry_management.hpp:30:24:[m[K [01;31m[Kerror: [m[Ktemplate argument 2 is invalid
[01m[K/home/fuzzrobo/uraki_ws/fuzz_arm/src/simulation/robot/geometry_management.hpp:31:15:[m[K [01;31m[Kerror: [m[K‘[01m[KdReal[m[K’ was not declared in this scope
   31 |   std::vector<[01;31m[KdReal[m[K>
      |               [01;31m[K^~~~~[m[K
[01m[K/home/fuzzrobo/uraki_ws/fuzz_arm/src/simulation/robot/geometry_management.hpp:31:20:[m[K [01;31m[Kerror: [m[Ktemplate argument 1 is invalid
   31 |   std::vector<dReal[01;31m[K>[m[K
      |                    [01;31m[K^[m[K
[01m[K/home/fuzzrobo/uraki_ws/fuzz_arm/src/simulation/robot/geometry_management.hpp:31:20:[m[K [01;31m[Kerror: [m[Ktemplate argument 2 is invalid
[01m[K/home/fuzzrobo/uraki_ws/fuzz_arm/src/simulation/robot/geometry_management.hpp:48:3:[m[K [01;31m[Kerror: [m[K‘[01m[KdTriMeshDataID[m[K’ does not name a type
   48 |   [01;31m[KdTriMeshDataID[m[K getMesh(const std::string &filename,
      |   [01;31m[K^~~~~~~~~~~~~~[m[K
[01m[K/home/fuzzrobo/uraki_ws/fuzz_arm/src/simulation/robot/geometry_management.hpp:59:43:[m[K [01;31m[Kerror: [m[K‘[01m[KdTriMeshDataID[m[K’ has not been declared
   59 |   std::shared_ptr<MeshEntry> getMeshEntry([01;31m[KdTriMeshDataID[m[K data_id) const;
      |                                           [01;31m[K^~~~~~~~~~~~~~[m[K
[01m[K/home/fuzzrobo/uraki_ws/fuzz_arm/src/simulation/robot/geometry_management.hpp:64:49:[m[K [01;31m[Kerror: [m[K‘[01m[KdTriMeshDataID[m[K’ has not been declared
   64 |   const std::vector<float> &getOriginalVertices([01;31m[KdTriMeshDataID[m[K data_id) const;
      |                                                 [01;31m[K^~~~~~~~~~~~~~[m[K
[01m[K/home/fuzzrobo/uraki_ws/fuzz_arm/src/simulation/robot/geometry_management.hpp:70:12:[m[K [01;31m[Kerror: [m[K‘[01m[KdTriMeshDataID[m[K’ was not declared in this scope
   70 |   std::map<[01;31m[KdTriMeshDataID[m[K, std::shared_ptr<MeshEntry>> reverse_cache_;
      |            [01;31m[K^~~~~~~~~~~~~~[m[K
[01m[K/home/fuzzrobo/uraki_ws/fuzz_arm/src/simulation/robot/geometry_management.hpp:70:53:[m[K [01;31m[Kerror: [m[Ktemplate argument 1 is invalid
   70 |   std::map<dTriMeshDataID, std::shared_ptr<MeshEntry[01;31m[K>>[m[K reverse_cache_;
      |                                                     [01;31m[K^~[m[K
[01m[K/home/fuzzrobo/uraki_ws/fuzz_arm/src/simulation/robot/geometry_management.hpp:70:53:[m[K [01;31m[Kerror: [m[Ktemplate argument 3 is invalid
[01m[K/home/fuzzrobo/uraki_ws/fuzz_arm/src/simulation/robot/geometry_management.hpp:70:53:[m[K [01;31m[Kerror: [m[Ktemplate argument 4 is invalid
[01m[K/home/fuzzrobo/uraki_ws/fuzz_arm/src/simulation/robot/geometry_management.cpp:[m[K In member function ‘[01m[Kvoid robot_sim::simulation::MeshCache::clear()[m[K’:
[01m[K/home/fuzzrobo/uraki_ws/fuzz_arm/src/simulation/robot/geometry_management.cpp:26:42:[m[K [01;31m[Kerror: [m[K‘[01m[Kusing element_type = struct robot_sim::simulation::MeshEntry[m[K’ {aka ‘[01m[Kstruct robot_sim::simulation::MeshEntry[m[K’} has no member named ‘[01m[Kdata_id[m[K’
   26 |     dGeomTriMeshDataDestroy(pair.second->[01;31m[Kdata_id[m[K);
      |                                          [01;31m[K^~~~~~~[m[K
[01m[K/home/fuzzrobo/uraki_ws/fuzz_arm/src/simulation/robot/geometry_management.cpp:26:5:[m[K [01;31m[Kerror: [m[K‘[01m[KdGeomTriMeshDataDestroy[m[K’ was not declared in this scope
   26 |     [01;31m[KdGeomTriMeshDataDestroy[m[K(pair.second->data_id);
      |     [01;31m[K^~~~~~~~~~~~~~~~~~~~~~~[m[K
[01m[K/home/fuzzrobo/uraki_ws/fuzz_arm/src/simulation/robot/geometry_management.cpp:29:18:[m[K [01;31m[Kerror: [m[Krequest for member ‘[01m[Kclear[m[K’ in ‘[01m[K((robot_sim::simulation::MeshCache*)this)->robot_sim::simulation::MeshCache::reverse_cache_[m[K’, which is of non-class type ‘[01m[Kint[m[K’
   29 |   reverse_cache_.[01;31m[Kclear[m[K();
      |                  [01;31m[K^~~~~[m[K
[01m[K/home/fuzzrobo/uraki_ws/fuzz_arm/src/simulation/robot/geometry_management.cpp:[m[K At global scope:
[01m[K/home/fuzzrobo/uraki_ws/fuzz_arm/src/simulation/robot/geometry_management.cpp:32:1:[m[K [01;31m[Kerror: [m[K‘[01m[KdTriMeshDataID[m[K’ does not name a type
   32 | [01;31m[KdTriMeshDataID[m[K MeshCache::getMesh(const std::string &filename,
      | [01;31m[K^~~~~~~~~~~~~~[m[K
[01m[K/home/fuzzrobo/uraki_ws/fuzz_arm/src/simulation/robot/geometry_management.cpp:112:1:[m[K [01;31m[Kerror: [m[K‘[01m[Kstd::shared_ptr<robot_sim::simulation::MeshEntry> robot_sim::simulation::MeshCache::getMeshEntry[m[K’ is not a static data member of ‘[01m[Kclass robot_sim::simulation::MeshCache[m[K’
  112 | [01;31m[KMeshCache[m[K::getMeshEntry(dTriMeshDataID data_id) const {
      | [01;31m[K^~~~~~~~~[m[K
[01m[K/home/fuzzrobo/uraki_ws/fuzz_arm/src/simulation/robot/geometry_management.cpp:112:25:[m[K [01;31m[Kerror: [m[K‘[01m[KdTriMeshDataID[m[K’ was not declared in this scope
  112 | MeshCache::getMeshEntry([01;31m[KdTriMeshDataID[m[K data_id) const {
      |                         [01;31m[K^~~~~~~~~~~~~~[m[K
[01m[K/home/fuzzrobo/uraki_ws/fuzz_arm/src/simulation/robot/geometry_management.cpp:112:49:[m[K [01;31m[Kerror: [m[Kexpected ‘[01m[K,[m[K’ or ‘[01m[K;[m[K’ before ‘[01m[Kconst[m[K’
  112 | MeshCache::getMeshEntry(dTriMeshDataID data_id) [01;31m[Kconst[m[K {
      |                                                 [01;31m[K^~~~~[m[K
[01m[K/home/fuzzrobo/uraki_ws/fuzz_arm/src/simulation/robot/geometry_management.cpp:121:1:[m[K [01;31m[Kerror: [m[K‘[01m[Kconst std::vector<float>& robot_sim::simulation::MeshCache::getOriginalVertices[m[K’ is not a static data member of ‘[01m[Kclass robot_sim::simulation::MeshCache[m[K’
  121 | [01;31m[KMeshCache[m[K::getOriginalVertices(dTriMeshDataID data_id) const {
      | [01;31m[K^~~~~~~~~[m[K
[01m[K/home/fuzzrobo/uraki_ws/fuzz_arm/src/simulation/robot/geometry_management.cpp:121:32:[m[K [01;31m[Kerror: [m[K‘[01m[KdTriMeshDataID[m[K’ was not declared in this scope
  121 | MeshCache::getOriginalVertices([01;31m[KdTriMeshDataID[m[K data_id) const {
      |                                [01;31m[K^~~~~~~~~~~~~~[m[K
gmake[2]: *** [src/simulation/CMakeFiles/simulation_lib.dir/build.make:76: src/simulation/CMakeFiles/simulation_lib.dir/robot/geometry_management.cpp.o] エラー 1
gmake[2]: *** 未完了のジョブを待っています....
gmake[1]: *** [CMakeFiles/Makefile2:598: src/simulation/CMakeFiles/simulation_lib.dir/all] エラー 2
gmake[1]: *** 未完了のジョブを待っています....
[ 90%] [32m[1mLinking CXX static library libstatus_lib.a[0m
[ 90%] Built target status_lib
gmake: *** [Makefile:146: all] エラー 2
