[0.008s] Invoking command in '/home/fuzzrobo/uraki_ws/build/gng_planner': CMAKE_PREFIX_PATH=/opt/ros/humble /usr/bin/cmake /home/fuzzrobo/uraki_ws/fuzz_arm -DCMAKE_BUILD_TYPE=Release -DUSE_ODE=OFF -DUSE_DRAWSTUFF=OFF~ -DCMAKE_INSTALL_PREFIX=/home/fuzzrobo/uraki_ws/install/gng_planner
[0.064s] -- The C compiler identification is GNU 11.4.0
[0.110s] -- The CXX compiler identification is GNU 11.4.0
[0.119s] -- Detecting C compiler ABI info
[0.176s] -- Detecting C compiler ABI info - done
[0.180s] -- Check for working C compiler: /usr/bin/cc - skipped
[0.182s] -- Detecting C compile features
[0.182s] -- Detecting C compile features - done
[0.184s] -- Detecting CXX compiler ABI info
[0.250s] -- Detecting CXX compiler ABI info - done
[0.254s] -- Check for working CXX compiler: /usr/bin/c++ - skipped
[0.255s] -- Detecting CXX compile features
[0.255s] -- Detecting CXX compile features - done
[0.360s] -- Found Python3: /usr/bin/python3 (found version "3.10.12") found components: Interpreter 
[0.426s] -- ROS 2 (Humble) environment detected.
[0.427s] -- Found rclcpp: 16.0.19 (/opt/ros/humble/share/rclcpp/cmake)
[0.459s] -- Found rosidl_generator_c: 3.1.8 (/opt/ros/humble/share/rosidl_generator_c/cmake)
[0.462s] -- Found rosidl_adapter: 3.1.8 (/opt/ros/humble/share/rosidl_adapter/cmake)
[0.470s] -- Found rosidl_generator_cpp: 3.1.8 (/opt/ros/humble/share/rosidl_generator_cpp/cmake)
[0.480s] -- Using all available rosidl_typesupport_c: rosidl_typesupport_fastrtps_c;rosidl_typesupport_introspection_c
[0.491s] -- Using all available rosidl_typesupport_cpp: rosidl_typesupport_fastrtps_cpp;rosidl_typesupport_introspection_cpp
[0.524s] -- Found rmw_implementation_cmake: 6.1.2 (/opt/ros/humble/share/rmw_implementation_cmake/cmake)
[0.526s] -- Found rmw_fastrtps_cpp: 6.2.10 (/opt/ros/humble/share/rmw_fastrtps_cpp/cmake)
[0.604s] -- Found OpenSSL: /usr/lib/x86_64-linux-gnu/libcrypto.so (found version "3.0.2")  
[0.624s] -- Found FastRTPS: /opt/ros/humble/include  
[0.659s] -- Using RMW implementation 'rmw_fastrtps_cpp' as default
[0.666s] -- Looking for pthread.h
[0.736s] -- Looking for pthread.h - found
[0.737s] -- Performing Test CMAKE_HAVE_LIBC_PTHREAD
[0.798s] -- Performing Test CMAKE_HAVE_LIBC_PTHREAD - Success
[0.799s] -- Found Threads: TRUE  
[0.842s] -- Found urdf: 2.6.1 (/opt/ros/humble/share/urdf/cmake)
[0.932s] -- Configuring done
[0.952s] -- Generating done
[0.954s] [33mCMake Warning:
[0.954s]   Manually-specified variables were not used by the project:
[0.954s] 
[0.954s]     USE_DRAWSTUFF
[0.954s] 
[0.954s] [0m
[0.958s] -- Build files have been written to: /home/fuzzrobo/uraki_ws/build/gng_planner
[0.969s] Invoked command in '/home/fuzzrobo/uraki_ws/build/gng_planner' returned '0': CMAKE_PREFIX_PATH=/opt/ros/humble /usr/bin/cmake /home/fuzzrobo/uraki_ws/fuzz_arm -DCMAKE_BUILD_TYPE=Release -DUSE_ODE=OFF -DUSE_DRAWSTUFF=OFF~ -DCMAKE_INSTALL_PREFIX=/home/fuzzrobo/uraki_ws/install/gng_planner
[0.971s] Invoking command in '/home/fuzzrobo/uraki_ws/build/gng_planner': CMAKE_PREFIX_PATH=/opt/ros/humble /usr/bin/cmake --build /home/fuzzrobo/uraki_ws/build/gng_planner -- -j16 -l16
[1.014s] [  6%] [32mBuilding CXX object src/common/CMakeFiles/common_lib.dir/config_manager.cpp.o[0m
[1.015s] [  6%] [32mBuilding CXX object src/common/CMakeFiles/common_lib.dir/geometry_utils.cpp.o[0m
[2.657s] [  9%] [32m[1mLinking CXX static library libcommon_lib.a[0m
[2.686s] [  9%] Built target common_lib
[2.702s] [ 12%] [32mBuilding CXX object src/kinematics/CMakeFiles/kinematics_lib.dir/kinematic_chain.cpp.o[0m
[2.704s] [ 15%] [32mBuilding CXX object src/hardware/CMakeFiles/hardware_lib.dir/twin_manager.cpp.o[0m
[4.513s] [ 18%] [32m[1mLinking CXX static library libhardware_lib.a[0m
[4.544s] [ 18%] Built target hardware_lib
[11.472s] [ 21%] [32m[1mLinking CXX static library libkinematics_lib.a[0m
[11.504s] [ 21%] Built target kinematics_lib
[11.521s] [ 46%] [32mBuilding CXX object src/gng/CMakeFiles/gng_lib.dir/GrowingNeuralGas_offline.cpp.o[0m
[11.521s] [ 46%] [32mBuilding CXX object src/collision/CMakeFiles/collision_lib.dir/geometric_self_collision_checker.cpp.o[0m
[11.521s] [ 46%] [32mBuilding CXX object src/collision/CMakeFiles/collision_lib.dir/environment_collision_checker.cpp.o[0m
[11.521s] [ 46%] [32mBuilding CXX object src/collision/CMakeFiles/collision_lib.dir/self_collision_checker.cpp.o[0m
[11.521s] [ 46%] [32mBuilding CXX object src/collision/CMakeFiles/collision_lib.dir/point_cloud_collision_checker.cpp.o[0m
[11.521s] [ 46%] [32mBuilding CXX object src/collision/CMakeFiles/collision_lib.dir/collision_detector.cpp.o[0m
[11.521s] [ 46%] [32mBuilding CXX object src/collision/CMakeFiles/collision_lib.dir/fcl/fcl_collision_detector.cpp.o[0m
[11.521s] [ 46%] [32mBuilding CXX object src/spatial/CMakeFiles/spatial_lib.dir/robot_model_analyzer.cpp.o[0m
[13.605s] [ 50%] [32m[1mLinking CXX static library libspatial_lib.a[0m
[13.636s] [ 50%] Built target spatial_lib
[15.630s] [ 53%] [32m[1mLinking CXX static library libgng_lib.a[0m
[15.662s] [ 53%] Built target gng_lib
[15.681s] [ 62%] [32mBuilding CXX object src/control/CMakeFiles/control_lib.dir/trajectory_safety_manager.cpp.o[0m
[15.681s] [ 62%] [32mBuilding CXX object src/status/CMakeFiles/status_lib.dir/dynamic_manipulability.cpp.o[0m
[15.681s] [ 62%] [32mBuilding CXX object src/status/CMakeFiles/status_lib.dir/manipulability.cpp.o[0m
[16.487s] [ 65%] [32m[1mLinking CXX static library libcontrol_lib.a[0m
[16.518s] [ 65%] Built target control_lib
[20.051s] [ 68%] [32m[1mLinking CXX static library libcollision_lib.a[0m
[20.086s] [ 68%] Built target collision_lib
[20.106s] [ 71%] [32mBuilding CXX object src/simulation/CMakeFiles/simulation_lib.dir/robot/geometry_management.cpp.o[0m
[20.106s] [ 78%] [32mBuilding CXX object src/simulation/CMakeFiles/simulation_lib.dir/robot/kinematic_adapter.cpp.o[0m
[20.106s] [ 78%] [32mBuilding CXX object src/simulation/CMakeFiles/simulation_lib.dir/robot/urdf_loader.cpp.o[0m
[20.107s] [ 81%] [32mBuilding CXX object src/simulation/CMakeFiles/simulation_lib.dir/robot/robot_collision_model.cpp.o[0m
[20.107s] [ 84%] [32mBuilding CXX object src/simulation/CMakeFiles/simulation_lib.dir/robot/stl_loader.cpp.o[0m
[20.109s] [ 87%] [32mBuilding CXX object src/simulation/CMakeFiles/simulation_lib.dir/sensing/robot_point_cloud_sampler.cpp.o[0m
[20.968s] In file included from [01m[K/home/fuzzrobo/uraki_ws/fuzz_arm/src/simulation/robot/geometry_management.cpp:6[m[K:
[20.968s] [01m[K/home/fuzzrobo/uraki_ws/fuzz_arm/src/simulation/robot/geometry_management.hpp:28:3:[m[K [01;31m[Kerror: [m[K‘[01m[KdTriMeshDataID[m[K’ does not name a type
[20.968s]    28 |   [01;31m[KdTriMeshDataID[m[K data_id;
[20.968s]       |   [01;31m[K^~~~~~~~~~~~~~[m[K
[20.973s] [01m[K/home/fuzzrobo/uraki_ws/fuzz_arm/src/simulation/robot/geometry_management.hpp:29:15:[m[K [01;31m[Kerror: [m[K‘[01m[KdReal[m[K’ was not declared in this scope
[20.973s]    29 |   std::vector<[01;31m[KdReal[m[K> vertices;    // ODE expects dReal (float or double)
[20.973s]       |               [01;31m[K^~~~~[m[K
[20.973s] [01m[K/home/fuzzrobo/uraki_ws/fuzz_arm/src/simulation/robot/geometry_management.hpp:29:20:[m[K [01;31m[Kerror: [m[Ktemplate argument 1 is invalid
[20.973s]    29 |   std::vector<dReal[01;31m[K>[m[K vertices;    // ODE expects dReal (float or double)
[20.973s]       |                    [01;31m[K^[m[K
[20.973s] [01m[K/home/fuzzrobo/uraki_ws/fuzz_arm/src/simulation/robot/geometry_management.hpp:29:20:[m[K [01;31m[Kerror: [m[Ktemplate argument 2 is invalid
[20.978s] [01m[K/home/fuzzrobo/uraki_ws/fuzz_arm/src/simulation/robot/geometry_management.hpp:30:15:[m[K [01;31m[Kerror: [m[K‘[01m[KdTriIndex[m[K’ was not declared in this scope; did you mean ‘[01m[Krindex[m[K’?
[20.978s]    30 |   std::vector<[01;31m[KdTriIndex[m[K> indices; // ODE index type
[20.978s]       |               [01;31m[K^~~~~~~~~[m[K
[20.978s]       |               [32m[Krindex[m[K
[20.979s] [01m[K/home/fuzzrobo/uraki_ws/fuzz_arm/src/simulation/robot/geometry_management.hpp:30:24:[m[K [01;31m[Kerror: [m[Ktemplate argument 1 is invalid
[20.979s]    30 |   std::vector<dTriIndex[01;31m[K>[m[K indices; // ODE index type
[20.979s]       |                        [01;31m[K^[m[K
[20.979s] [01m[K/home/fuzzrobo/uraki_ws/fuzz_arm/src/simulation/robot/geometry_management.hpp:30:24:[m[K [01;31m[Kerror: [m[Ktemplate argument 2 is invalid
[20.984s] [01m[K/home/fuzzrobo/uraki_ws/fuzz_arm/src/simulation/robot/geometry_management.hpp:31:15:[m[K [01;31m[Kerror: [m[K‘[01m[KdReal[m[K’ was not declared in this scope
[20.985s]    31 |   std::vector<[01;31m[KdReal[m[K>
[20.985s]       |               [01;31m[K^~~~~[m[K
[20.985s] [01m[K/home/fuzzrobo/uraki_ws/fuzz_arm/src/simulation/robot/geometry_management.hpp:31:20:[m[K [01;31m[Kerror: [m[Ktemplate argument 1 is invalid
[20.985s]    31 |   std::vector<dReal[01;31m[K>[m[K
[20.985s]       |                    [01;31m[K^[m[K
[20.985s] [01m[K/home/fuzzrobo/uraki_ws/fuzz_arm/src/simulation/robot/geometry_management.hpp:31:20:[m[K [01;31m[Kerror: [m[Ktemplate argument 2 is invalid
[20.987s] [01m[K/home/fuzzrobo/uraki_ws/fuzz_arm/src/simulation/robot/geometry_management.hpp:48:3:[m[K [01;31m[Kerror: [m[K‘[01m[KdTriMeshDataID[m[K’ does not name a type
[20.987s]    48 |   [01;31m[KdTriMeshDataID[m[K getMesh(const std::string &filename,
[20.987s]       |   [01;31m[K^~~~~~~~~~~~~~[m[K
[20.987s] [01m[K/home/fuzzrobo/uraki_ws/fuzz_arm/src/simulation/robot/geometry_management.hpp:59:43:[m[K [01;31m[Kerror: [m[K‘[01m[KdTriMeshDataID[m[K’ has not been declared
[20.987s]    59 |   std::shared_ptr<MeshEntry> getMeshEntry([01;31m[KdTriMeshDataID[m[K data_id) const;
[20.987s]       |                                           [01;31m[K^~~~~~~~~~~~~~[m[K
[20.987s] [01m[K/home/fuzzrobo/uraki_ws/fuzz_arm/src/simulation/robot/geometry_management.hpp:64:49:[m[K [01;31m[Kerror: [m[K‘[01m[KdTriMeshDataID[m[K’ has not been declared
[20.987s]    64 |   const std::vector<float> &getOriginalVertices([01;31m[KdTriMeshDataID[m[K data_id) const;
[20.987s]       |                                                 [01;31m[K^~~~~~~~~~~~~~[m[K
[20.998s] [01m[K/home/fuzzrobo/uraki_ws/fuzz_arm/src/simulation/robot/geometry_management.hpp:70:12:[m[K [01;31m[Kerror: [m[K‘[01m[KdTriMeshDataID[m[K’ was not declared in this scope
[20.998s]    70 |   std::map<[01;31m[KdTriMeshDataID[m[K, std::shared_ptr<MeshEntry>> reverse_cache_;
[20.998s]       |            [01;31m[K^~~~~~~~~~~~~~[m[K
[20.998s] [01m[K/home/fuzzrobo/uraki_ws/fuzz_arm/src/simulation/robot/geometry_management.hpp:70:53:[m[K [01;31m[Kerror: [m[Ktemplate argument 1 is invalid
[20.998s]    70 |   std::map<dTriMeshDataID, std::shared_ptr<MeshEntry[01;31m[K>>[m[K reverse_cache_;
[20.998s]       |                                                     [01;31m[K^~[m[K
[20.998s] [01m[K/home/fuzzrobo/uraki_ws/fuzz_arm/src/simulation/robot/geometry_management.hpp:70:53:[m[K [01;31m[Kerror: [m[Ktemplate argument 3 is invalid
[20.998s] [01m[K/home/fuzzrobo/uraki_ws/fuzz_arm/src/simulation/robot/geometry_management.hpp:70:53:[m[K [01;31m[Kerror: [m[Ktemplate argument 4 is invalid
[21.104s] [01m[K/home/fuzzrobo/uraki_ws/fuzz_arm/src/simulation/robot/geometry_management.cpp:[m[K In member function ‘[01m[Kvoid robot_sim::simulation::MeshCache::clear()[m[K’:
[21.104s] [01m[K/home/fuzzrobo/uraki_ws/fuzz_arm/src/simulation/robot/geometry_management.cpp:26:42:[m[K [01;31m[Kerror: [m[K‘[01m[Kusing element_type = struct robot_sim::simulation::MeshEntry[m[K’ {aka ‘[01m[Kstruct robot_sim::simulation::MeshEntry[m[K’} has no member named ‘[01m[Kdata_id[m[K’
[21.104s]    26 |     dGeomTriMeshDataDestroy(pair.second->[01;31m[Kdata_id[m[K);
[21.105s]       |                                          [01;31m[K^~~~~~~[m[K
[21.110s] [01m[K/home/fuzzrobo/uraki_ws/fuzz_arm/src/simulation/robot/geometry_management.cpp:26:5:[m[K [01;31m[Kerror: [m[K‘[01m[KdGeomTriMeshDataDestroy[m[K’ was not declared in this scope
[21.110s]    26 |     [01;31m[KdGeomTriMeshDataDestroy[m[K(pair.second->data_id);
[21.110s]       |     [01;31m[K^~~~~~~~~~~~~~~~~~~~~~~[m[K
[21.110s] [01m[K/home/fuzzrobo/uraki_ws/fuzz_arm/src/simulation/robot/geometry_management.cpp:29:18:[m[K [01;31m[Kerror: [m[Krequest for member ‘[01m[Kclear[m[K’ in ‘[01m[K((robot_sim::simulation::MeshCache*)this)->robot_sim::simulation::MeshCache::reverse_cache_[m[K’, which is of non-class type ‘[01m[Kint[m[K’
[21.110s]    29 |   reverse_cache_.[01;31m[Kclear[m[K();
[21.110s]       |                  [01;31m[K^~~~~[m[K
[21.111s] [01m[K/home/fuzzrobo/uraki_ws/fuzz_arm/src/simulation/robot/geometry_management.cpp:[m[K At global scope:
[21.112s] [01m[K/home/fuzzrobo/uraki_ws/fuzz_arm/src/simulation/robot/geometry_management.cpp:32:1:[m[K [01;31m[Kerror: [m[K‘[01m[KdTriMeshDataID[m[K’ does not name a type
[21.112s]    32 | [01;31m[KdTriMeshDataID[m[K MeshCache::getMesh(const std::string &filename,
[21.112s]       | [01;31m[K^~~~~~~~~~~~~~[m[K
[21.112s] [01m[K/home/fuzzrobo/uraki_ws/fuzz_arm/src/simulation/robot/geometry_management.cpp:112:1:[m[K [01;31m[Kerror: [m[K‘[01m[Kstd::shared_ptr<robot_sim::simulation::MeshEntry> robot_sim::simulation::MeshCache::getMeshEntry[m[K’ is not a static data member of ‘[01m[Kclass robot_sim::simulation::MeshCache[m[K’
[21.112s]   112 | [01;31m[KMeshCache[m[K::getMeshEntry(dTriMeshDataID data_id) const {
[21.112s]       | [01;31m[K^~~~~~~~~[m[K
[21.118s] [01m[K/home/fuzzrobo/uraki_ws/fuzz_arm/src/simulation/robot/geometry_management.cpp:112:25:[m[K [01;31m[Kerror: [m[K‘[01m[KdTriMeshDataID[m[K’ was not declared in this scope
[21.118s]   112 | MeshCache::getMeshEntry([01;31m[KdTriMeshDataID[m[K data_id) const {
[21.118s]       |                         [01;31m[K^~~~~~~~~~~~~~[m[K
[21.118s] [01m[K/home/fuzzrobo/uraki_ws/fuzz_arm/src/simulation/robot/geometry_management.cpp:112:49:[m[K [01;31m[Kerror: [m[Kexpected ‘[01m[K,[m[K’ or ‘[01m[K;[m[K’ before ‘[01m[Kconst[m[K’
[21.118s]   112 | MeshCache::getMeshEntry(dTriMeshDataID data_id) [01;31m[Kconst[m[K {
[21.118s]       |                                                 [01;31m[K^~~~~[m[K
[21.118s] [01m[K/home/fuzzrobo/uraki_ws/fuzz_arm/src/simulation/robot/geometry_management.cpp:121:1:[m[K [01;31m[Kerror: [m[K‘[01m[Kconst std::vector<float>& robot_sim::simulation::MeshCache::getOriginalVertices[m[K’ is not a static data member of ‘[01m[Kclass robot_sim::simulation::MeshCache[m[K’
[21.118s]   121 | [01;31m[KMeshCache[m[K::getOriginalVertices(dTriMeshDataID data_id) const {
[21.118s]       | [01;31m[K^~~~~~~~~[m[K
[21.124s] [01m[K/home/fuzzrobo/uraki_ws/fuzz_arm/src/simulation/robot/geometry_management.cpp:121:32:[m[K [01;31m[Kerror: [m[K‘[01m[KdTriMeshDataID[m[K’ was not declared in this scope
[21.124s]   121 | MeshCache::getOriginalVertices([01;31m[KdTriMeshDataID[m[K data_id) const {
[21.124s]       |                                [01;31m[K^~~~~~~~~~~~~~[m[K
[21.505s] gmake[2]: *** [src/simulation/CMakeFiles/simulation_lib.dir/build.make:76: src/simulation/CMakeFiles/simulation_lib.dir/robot/geometry_management.cpp.o] エラー 1
[21.505s] gmake[2]: *** 未完了のジョブを待っています....
[22.816s] gmake[1]: *** [CMakeFiles/Makefile2:598: src/simulation/CMakeFiles/simulation_lib.dir/all] エラー 2
[22.816s] gmake[1]: *** 未完了のジョブを待っています....
[23.956s] [ 90%] [32m[1mLinking CXX static library libstatus_lib.a[0m
[23.987s] [ 90%] Built target status_lib
[23.988s] gmake: *** [Makefile:146: all] エラー 2
[23.991s] Invoked command in '/home/fuzzrobo/uraki_ws/build/gng_planner' returned '2': CMAKE_PREFIX_PATH=/opt/ros/humble /usr/bin/cmake --build /home/fuzzrobo/uraki_ws/build/gng_planner -- -j16 -l16
