[0.009s] Invoking command in '/home/fuzzrobo/uraki_ws/build/gng_planner': CMAKE_PREFIX_PATH=/opt/ros/humble /usr/bin/cmake --build /home/fuzzrobo/uraki_ws/build/gng_planner -- -j16 -l16
[0.114s] -- ROS 2 (Humble) environment detected.
[0.114s] -- Found rclcpp: 16.0.19 (/opt/ros/humble/share/rclcpp/cmake)
[0.132s] -- Found rosidl_generator_c: 3.1.8 (/opt/ros/humble/share/rosidl_generator_c/cmake)
[0.133s] -- Found rosidl_adapter: 3.1.8 (/opt/ros/humble/share/rosidl_adapter/cmake)
[0.137s] -- Found rosidl_generator_cpp: 3.1.8 (/opt/ros/humble/share/rosidl_generator_cpp/cmake)
[0.143s] -- Using all available rosidl_typesupport_c: rosidl_typesupport_fastrtps_c;rosidl_typesupport_introspection_c
[0.151s] -- Using all available rosidl_typesupport_cpp: rosidl_typesupport_fastrtps_cpp;rosidl_typesupport_introspection_cpp
[0.170s] -- Found rmw_implementation_cmake: 6.1.2 (/opt/ros/humble/share/rmw_implementation_cmake/cmake)
[0.171s] -- Found rmw_fastrtps_cpp: 6.2.10 (/opt/ros/humble/share/rmw_fastrtps_cpp/cmake)
[0.244s] -- Using RMW implementation 'rmw_fastrtps_cpp' as default
[0.273s] -- Found urdf: 2.6.1 (/opt/ros/humble/share/urdf/cmake)
[0.343s] -- Configuring done
[0.367s] -- Generating done
[0.374s] -- Build files have been written to: /home/fuzzrobo/uraki_ws/build/gng_planner
[0.403s] [35m[1mConsolidate compiler generated dependencies of target common_lib[0m
[0.416s] [  9%] Built target common_lib
[0.424s] [35m[1mConsolidate compiler generated dependencies of target kinematics_lib[0m
[0.424s] [35m[1mConsolidate compiler generated dependencies of target hardware_lib[0m
[0.437s] [ 21%] Built target hardware_lib
[0.438s] [ 21%] Built target kinematics_lib
[0.446s] [35m[1mConsolidate compiler generated dependencies of target spatial_lib[0m
[0.446s] [35m[1mConsolidate compiler generated dependencies of target gng_lib[0m
[0.448s] [35m[1mConsolidate compiler generated dependencies of target collision_lib[0m
[0.459s] [ 28%] Built target spatial_lib
[0.459s] [ 34%] Built target gng_lib
[0.468s] [35m[1mConsolidate compiler generated dependencies of target control_lib[0m
[0.468s] [35m[1mConsolidate compiler generated dependencies of target status_lib[0m
[0.471s] [ 56%] Built target collision_lib
[0.480s] [ 71%] Built target control_lib
[0.480s] [ 71%] Built target status_lib
[0.481s] [35m[1mConsolidate compiler generated dependencies of target simulation_lib[0m
[0.502s] [ 93%] Built target simulation_lib
[0.512s] [35m[1mConsolidate compiler generated dependencies of target offline_urdf_trainer[0m
[0.529s] [ 96%] [32mBuilding CXX object CMakeFiles/offline_urdf_trainer.dir/src/offline_urdf_trainer.cpp.o[0m
[6.260s] [100%] [32m[1mLinking CXX executable offline_urdf_trainer[0m
[6.380s] [100%] Built target offline_urdf_trainer
[6.391s] Invoked command in '/home/fuzzrobo/uraki_ws/build/gng_planner' returned '0': CMAKE_PREFIX_PATH=/opt/ros/humble /usr/bin/cmake --build /home/fuzzrobo/uraki_ws/build/gng_planner -- -j16 -l16
[6.400s] Invoking command in '/home/fuzzrobo/uraki_ws/build/gng_planner': CMAKE_PREFIX_PATH=/opt/ros/humble /usr/bin/cmake --install /home/fuzzrobo/uraki_ws/build/gng_planner
[6.406s] -- Install configuration: "Release"
[6.407s] -- Installing: /home/fuzzrobo/uraki_ws/install/gng_planner/lib/gng_planner/offline_urdf_trainer
[6.408s] -- Set runtime path of "/home/fuzzrobo/uraki_ws/install/gng_planner/lib/gng_planner/offline_urdf_trainer" to ""
[6.408s] -- Installing: /home/fuzzrobo/uraki_ws/install/gng_planner/share/ament_index/resource_index/package_run_dependencies/gng_planner
[6.408s] -- Installing: /home/fuzzrobo/uraki_ws/install/gng_planner/share/ament_index/resource_index/parent_prefix_path/gng_planner
[6.409s] -- Installing: /home/fuzzrobo/uraki_ws/install/gng_planner/share/gng_planner/environment/ament_prefix_path.sh
[6.409s] -- Installing: /home/fuzzrobo/uraki_ws/install/gng_planner/share/gng_planner/environment/ament_prefix_path.dsv
[6.409s] -- Installing: /home/fuzzrobo/uraki_ws/install/gng_planner/share/gng_planner/environment/path.sh
[6.409s] -- Installing: /home/fuzzrobo/uraki_ws/install/gng_planner/share/gng_planner/environment/path.dsv
[6.409s] -- Installing: /home/fuzzrobo/uraki_ws/install/gng_planner/share/gng_planner/local_setup.bash
[6.409s] -- Installing: /home/fuzzrobo/uraki_ws/install/gng_planner/share/gng_planner/local_setup.sh
[6.409s] -- Installing: /home/fuzzrobo/uraki_ws/install/gng_planner/share/gng_planner/local_setup.zsh
[6.409s] -- Installing: /home/fuzzrobo/uraki_ws/install/gng_planner/share/gng_planner/local_setup.dsv
[6.410s] -- Installing: /home/fuzzrobo/uraki_ws/install/gng_planner/share/gng_planner/package.dsv
[6.410s] -- Installing: /home/fuzzrobo/uraki_ws/install/gng_planner/share/ament_index/resource_index/packages/gng_planner
[6.410s] -- Installing: /home/fuzzrobo/uraki_ws/install/gng_planner/share/gng_planner/cmake/gng_plannerConfig.cmake
[6.410s] -- Installing: /home/fuzzrobo/uraki_ws/install/gng_planner/share/gng_planner/cmake/gng_plannerConfig-version.cmake
[6.410s] -- Installing: /home/fuzzrobo/uraki_ws/install/gng_planner/share/gng_planner/package.xml
[6.413s] Invoked command in '/home/fuzzrobo/uraki_ws/build/gng_planner' returned '0': CMAKE_PREFIX_PATH=/opt/ros/humble /usr/bin/cmake --install /home/fuzzrobo/uraki_ws/build/gng_planner
