[0.007s] Invoking command in '/home/fuzzrobo/uraki_ws/build/gng_planner': CMAKE_PREFIX_PATH=/opt/ros/humble /usr/bin/cmake --build /home/fuzzrobo/uraki_ws/build/gng_planner -- -j16 -l16
[0.044s] [35m[1mConsolidate compiler generated dependencies of target common_lib[0m
[0.055s] [  9%] Built target common_lib
[0.064s] [35m[1mConsolidate compiler generated dependencies of target kinematics_lib[0m
[0.064s] [35m[1mConsolidate compiler generated dependencies of target hardware_lib[0m
[0.076s] [ 21%] Built target kinematics_lib
[0.076s] [ 21%] Built target hardware_lib
[0.084s] [35m[1mConsolidate compiler generated dependencies of target spatial_lib[0m
[0.084s] [35m[1mConsolidate compiler generated dependencies of target gng_lib[0m
[0.085s] [35m[1mConsolidate compiler generated dependencies of target collision_lib[0m
[0.097s] [ 34%] Built target gng_lib
[0.097s] [ 34%] Built target spatial_lib
[0.104s] [35m[1mConsolidate compiler generated dependencies of target control_lib[0m
[0.104s] [35m[1mConsolidate compiler generated dependencies of target status_lib[0m
[0.108s] [ 56%] Built target collision_lib
[0.116s] [ 62%] Built target control_lib
[0.116s] [ 71%] Built target status_lib
[0.118s] [35m[1mConsolidate compiler generated dependencies of target simulation_lib[0m
[0.138s] [ 75%] [32mBuilding CXX object src/simulation/CMakeFiles/simulation_lib.dir/robot/geometry_management.cpp.o[0m
[0.843s] In file included from [01m[K/home/fuzzrobo/uraki_ws/fuzz_arm/src/simulation/robot/geometry_management.cpp:6[m[K:
[0.843s] [01m[K/home/fuzzrobo/uraki_ws/fuzz_arm/src/simulation/robot/geometry_management.hpp:28:3:[m[K [01;31m[Kerror: [m[K‘[01m[KdTriMeshDataID[m[K’ does not name a type
[0.843s]    28 |   [01;31m[KdTriMeshDataID[m[K data_id;
[0.843s]       |   [01;31m[K^~~~~~~~~~~~~~[m[K
[0.845s] [01m[K/home/fuzzrobo/uraki_ws/fuzz_arm/src/simulation/robot/geometry_management.hpp:29:15:[m[K [01;31m[Kerror: [m[K‘[01m[KdReal[m[K’ was not declared in this scope
[0.845s]    29 |   std::vector<[01;31m[KdReal[m[K> vertices;    // ODE expects dReal (float or double)
[0.845s]       |               [01;31m[K^~~~~[m[K
[0.845s] [01m[K/home/fuzzrobo/uraki_ws/fuzz_arm/src/simulation/robot/geometry_management.hpp:29:20:[m[K [01;31m[Kerror: [m[Ktemplate argument 1 is invalid
[0.845s]    29 |   std::vector<dReal[01;31m[K>[m[K vertices;    // ODE expects dReal (float or double)
[0.845s]       |                    [01;31m[K^[m[K
[0.845s] [01m[K/home/fuzzrobo/uraki_ws/fuzz_arm/src/simulation/robot/geometry_management.hpp:29:20:[m[K [01;31m[Kerror: [m[Ktemplate argument 2 is invalid
[0.848s] [01m[K/home/fuzzrobo/uraki_ws/fuzz_arm/src/simulation/robot/geometry_management.hpp:30:15:[m[K [01;31m[Kerror: [m[K‘[01m[KdTriIndex[m[K’ was not declared in this scope; did you mean ‘[01m[Krindex[m[K’?
[0.848s]    30 |   std::vector<[01;31m[KdTriIndex[m[K> indices; // ODE index type
[0.848s]       |               [01;31m[K^~~~~~~~~[m[K
[0.848s]       |               [32m[Krindex[m[K
[0.848s] [01m[K/home/fuzzrobo/uraki_ws/fuzz_arm/src/simulation/robot/geometry_management.hpp:30:24:[m[K [01;31m[Kerror: [m[Ktemplate argument 1 is invalid
[0.848s]    30 |   std::vector<dTriIndex[01;31m[K>[m[K indices; // ODE index type
[0.848s]       |                        [01;31m[K^[m[K
[0.848s] [01m[K/home/fuzzrobo/uraki_ws/fuzz_arm/src/simulation/robot/geometry_management.hpp:30:24:[m[K [01;31m[Kerror: [m[Ktemplate argument 2 is invalid
[0.850s] [01m[K/home/fuzzrobo/uraki_ws/fuzz_arm/src/simulation/robot/geometry_management.hpp:31:15:[m[K [01;31m[Kerror: [m[K‘[01m[KdReal[m[K’ was not declared in this scope
[0.850s]    31 |   std::vector<[01;31m[KdReal[m[K>
[0.850s]       |               [01;31m[K^~~~~[m[K
[0.850s] [01m[K/home/fuzzrobo/uraki_ws/fuzz_arm/src/simulation/robot/geometry_management.hpp:31:20:[m[K [01;31m[Kerror: [m[Ktemplate argument 1 is invalid
[0.850s]    31 |   std::vector<dReal[01;31m[K>[m[K
[0.850s]       |                    [01;31m[K^[m[K
[0.850s] [01m[K/home/fuzzrobo/uraki_ws/fuzz_arm/src/simulation/robot/geometry_management.hpp:31:20:[m[K [01;31m[Kerror: [m[Ktemplate argument 2 is invalid
[0.851s] [01m[K/home/fuzzrobo/uraki_ws/fuzz_arm/src/simulation/robot/geometry_management.hpp:48:3:[m[K [01;31m[Kerror: [m[K‘[01m[KdTriMeshDataID[m[K’ does not name a type
[0.851s]    48 |   [01;31m[KdTriMeshDataID[m[K getMesh(const std::string &filename,
[0.851s]       |   [01;31m[K^~~~~~~~~~~~~~[m[K
[0.851s] [01m[K/home/fuzzrobo/uraki_ws/fuzz_arm/src/simulation/robot/geometry_management.hpp:59:43:[m[K [01;31m[Kerror: [m[K‘[01m[KdTriMeshDataID[m[K’ has not been declared
[0.851s]    59 |   std::shared_ptr<MeshEntry> getMeshEntry([01;31m[KdTriMeshDataID[m[K data_id) const;
[0.851s]       |                                           [01;31m[K^~~~~~~~~~~~~~[m[K
[0.851s] [01m[K/home/fuzzrobo/uraki_ws/fuzz_arm/src/simulation/robot/geometry_management.hpp:64:49:[m[K [01;31m[Kerror: [m[K‘[01m[KdTriMeshDataID[m[K’ has not been declared
[0.851s]    64 |   const std::vector<float> &getOriginalVertices([01;31m[KdTriMeshDataID[m[K data_id) const;
[0.851s]       |                                                 [01;31m[K^~~~~~~~~~~~~~[m[K
[0.856s] [01m[K/home/fuzzrobo/uraki_ws/fuzz_arm/src/simulation/robot/geometry_management.hpp:70:12:[m[K [01;31m[Kerror: [m[K‘[01m[KdTriMeshDataID[m[K’ was not declared in this scope
[0.856s]    70 |   std::map<[01;31m[KdTriMeshDataID[m[K, std::shared_ptr<MeshEntry>> reverse_cache_;
[0.856s]       |            [01;31m[K^~~~~~~~~~~~~~[m[K
[0.856s] [01m[K/home/fuzzrobo/uraki_ws/fuzz_arm/src/simulation/robot/geometry_management.hpp:70:53:[m[K [01;31m[Kerror: [m[Ktemplate argument 1 is invalid
[0.857s]    70 |   std::map<dTriMeshDataID, std::shared_ptr<MeshEntry[01;31m[K>>[m[K reverse_cache_;
[0.857s]       |                                                     [01;31m[K^~[m[K
[0.857s] [01m[K/home/fuzzrobo/uraki_ws/fuzz_arm/src/simulation/robot/geometry_management.hpp:70:53:[m[K [01;31m[Kerror: [m[Ktemplate argument 3 is invalid
[0.857s] [01m[K/home/fuzzrobo/uraki_ws/fuzz_arm/src/simulation/robot/geometry_management.hpp:70:53:[m[K [01;31m[Kerror: [m[Ktemplate argument 4 is invalid
[0.923s] [01m[K/home/fuzzrobo/uraki_ws/fuzz_arm/src/simulation/robot/geometry_management.cpp:[m[K In member function ‘[01m[Kvoid robot_sim::simulation::MeshCache::clear()[m[K’:
[0.923s] [01m[K/home/fuzzrobo/uraki_ws/fuzz_arm/src/simulation/robot/geometry_management.cpp:26:42:[m[K [01;31m[Kerror: [m[K‘[01m[Kusing element_type = struct robot_sim::simulation::MeshEntry[m[K’ {aka ‘[01m[Kstruct robot_sim::simulation::MeshEntry[m[K’} has no member named ‘[01m[Kdata_id[m[K’
[0.923s]    26 |     dGeomTriMeshDataDestroy(pair.second->[01;31m[Kdata_id[m[K);
[0.923s]       |                                          [01;31m[K^~~~~~~[m[K
[0.927s] [01m[K/home/fuzzrobo/uraki_ws/fuzz_arm/src/simulation/robot/geometry_management.cpp:26:5:[m[K [01;31m[Kerror: [m[K‘[01m[KdGeomTriMeshDataDestroy[m[K’ was not declared in this scope
[0.927s]    26 |     [01;31m[KdGeomTriMeshDataDestroy[m[K(pair.second->data_id);
[0.927s]       |     [01;31m[K^~~~~~~~~~~~~~~~~~~~~~~[m[K
[0.927s] [01m[K/home/fuzzrobo/uraki_ws/fuzz_arm/src/simulation/robot/geometry_management.cpp:29:18:[m[K [01;31m[Kerror: [m[Krequest for member ‘[01m[Kclear[m[K’ in ‘[01m[K((robot_sim::simulation::MeshCache*)this)->robot_sim::simulation::MeshCache::reverse_cache_[m[K’, which is of non-class type ‘[01m[Kint[m[K’
[0.928s]    29 |   reverse_cache_.[01;31m[Kclear[m[K();
[0.928s]       |                  [01;31m[K^~~~~[m[K
[0.928s] [01m[K/home/fuzzrobo/uraki_ws/fuzz_arm/src/simulation/robot/geometry_management.cpp:[m[K At global scope:
[0.928s] [01m[K/home/fuzzrobo/uraki_ws/fuzz_arm/src/simulation/robot/geometry_management.cpp:32:1:[m[K [01;31m[Kerror: [m[K‘[01m[KdTriMeshDataID[m[K’ does not name a type
[0.928s]    32 | [01;31m[KdTriMeshDataID[m[K MeshCache::getMesh(const std::string &filename,
[0.928s]       | [01;31m[K^~~~~~~~~~~~~~[m[K
[0.928s] [01m[K/home/fuzzrobo/uraki_ws/fuzz_arm/src/simulation/robot/geometry_management.cpp:112:1:[m[K [01;31m[Kerror: [m[K‘[01m[Kstd::shared_ptr<robot_sim::simulation::MeshEntry> robot_sim::simulation::MeshCache::getMeshEntry[m[K’ is not a static data member of ‘[01m[Kclass robot_sim::simulation::MeshCache[m[K’
[0.929s]   112 | [01;31m[KMeshCache[m[K::getMeshEntry(dTriMeshDataID data_id) const {
[0.929s]       | [01;31m[K^~~~~~~~~[m[K
[0.932s] [01m[K/home/fuzzrobo/uraki_ws/fuzz_arm/src/simulation/robot/geometry_management.cpp:112:25:[m[K [01;31m[Kerror: [m[K‘[01m[KdTriMeshDataID[m[K’ was not declared in this scope
[0.932s]   112 | MeshCache::getMeshEntry([01;31m[KdTriMeshDataID[m[K data_id) const {
[0.932s]       |                         [01;31m[K^~~~~~~~~~~~~~[m[K
[0.932s] [01m[K/home/fuzzrobo/uraki_ws/fuzz_arm/src/simulation/robot/geometry_management.cpp:112:49:[m[K [01;31m[Kerror: [m[Kexpected ‘[01m[K,[m[K’ or ‘[01m[K;[m[K’ before ‘[01m[Kconst[m[K’
[0.932s]   112 | MeshCache::getMeshEntry(dTriMeshDataID data_id) [01;31m[Kconst[m[K {
[0.932s]       |                                                 [01;31m[K^~~~~[m[K
[0.932s] [01m[K/home/fuzzrobo/uraki_ws/fuzz_arm/src/simulation/robot/geometry_management.cpp:121:1:[m[K [01;31m[Kerror: [m[K‘[01m[Kconst std::vector<float>& robot_sim::simulation::MeshCache::getOriginalVertices[m[K’ is not a static data member of ‘[01m[Kclass robot_sim::simulation::MeshCache[m[K’
[0.932s]   121 | [01;31m[KMeshCache[m[K::getOriginalVertices(dTriMeshDataID data_id) const {
[0.932s]       | [01;31m[K^~~~~~~~~[m[K
[0.936s] [01m[K/home/fuzzrobo/uraki_ws/fuzz_arm/src/simulation/robot/geometry_management.cpp:121:32:[m[K [01;31m[Kerror: [m[K‘[01m[KdTriMeshDataID[m[K’ was not declared in this scope
[0.936s]   121 | MeshCache::getOriginalVertices([01;31m[KdTriMeshDataID[m[K data_id) const {
[0.936s]       |                                [01;31m[K^~~~~~~~~~~~~~[m[K
[1.238s] gmake[2]: *** [src/simulation/CMakeFiles/simulation_lib.dir/build.make:76: src/simulation/CMakeFiles/simulation_lib.dir/robot/geometry_management.cpp.o] エラー 1
[1.238s] gmake[1]: *** [CMakeFiles/Makefile2:598: src/simulation/CMakeFiles/simulation_lib.dir/all] エラー 2
[1.239s] gmake: *** [Makefile:146: all] エラー 2
[1.241s] Invoked command in '/home/fuzzrobo/uraki_ws/build/gng_planner' returned '2': CMAKE_PREFIX_PATH=/opt/ros/humble /usr/bin/cmake --build /home/fuzzrobo/uraki_ws/build/gng_planner -- -j16 -l16
